"Account_Domain","Account_Name",ComputerName,"Creator_Process_ID","Creator_Process_Name",EventCode,EventType,Keywords,LogName,"Logon_ID","Mandatory_Label",Message,"New_Process_ID","New_Process_Name",OpCode,"Process_Command_Line",RecordNumber,"Security_ID",SourceName,TaskCategory,"Token_Elevation_Type",Type,"_raw","_time",eventtype,host,index,linecount,punct,source,sourcetype,"splunk_server","splunk_server_group",tag,"tag::eventtype"
WAYNECORPINC,"bob.smith","we8105desk.waynecorpinc.local",0xe04,,4688,0,"Audit Success",Security,0x6f7ba,,"A new process has been created.

Subject:
	Security ID:		WAYNECORPINC\bob.smith
	Account Name:		bob.smith
	Account Domain:		WAYNECORPINC
	Logon ID:		0x6f7ba

Process Information:
	New Process ID:		0x1398
	New Process Name:	C:\Windows\System32\cmd.exe
	Token Elevation Type:	TokenElevationTypeFull (2)
	Creator Process ID:	0xe04
	Process Command Line:	/d /c taskkill /t /f /im ""osk.exe"" > NUL & ping -n 1 127.0.0.1 > NUL & del ""C:\Users\bob.smith.WAYNECORPINC\AppData\Roaming\{35ACA89F-933F-6A5D-2776-A3589FB99832}\osk.exe"" > NUL

Token Elevation Type indicates the type of token that was assigned to the new process in accordance with User Account Control policy.

Type 1 is a full token with no privileges removed or groups disabled.  A full token is only used if User Account Control is disabled or if the user is the built-in Administrator account or a service account.

Type 2 is an elevated token with no privileges removed or groups disabled.  An elevated token is used when User Account Control is enabled and the user chooses to start the program using Run as administrator.  An elevated token is also used when an application is configured to always require administrative privilege or to always require maximum privilege, and the user is a member of the Administrators group.

Type 3 is a limited token with administrative privileges removed and administrative groups disabled.  The limited token is used when User Account Control is enabled, the application does not require administrative privilege, and the user does not choose to start the program using Run as administrator.",0x1398,"C:\Windows\System32\cmd.exe",Info,"/d /c taskkill /t /f /im ""osk.exe"" > NUL & ping -n 1 127.0.0.1 > NUL & del ""C:\Users\bob.smith.WAYNECORPINC\AppData\Roaming\{35ACA89F-933F-6A5D-2776-A3589FB99832}\osk.exe"" > NUL",38108,"WAYNECORPINC\bob.smith","Microsoft Windows security auditing.","Process Creation","TokenElevationTypeFull (2)",Information,"08/24/2016 11:15:29 AM
LogName=Security
SourceName=Microsoft Windows security auditing.
EventCode=4688
EventType=0
Type=Information
ComputerName=we8105desk.waynecorpinc.local
TaskCategory=Process Creation
OpCode=Info
RecordNumber=38108
Keywords=Audit Success
Message=A new process has been created.

Subject:
	Security ID:		WAYNECORPINC\bob.smith
	Account Name:		bob.smith
	Account Domain:		WAYNECORPINC
	Logon ID:		0x6f7ba

Process Information:
	New Process ID:		0x1398
	New Process Name:	C:\Windows\System32\cmd.exe
	Token Elevation Type:	TokenElevationTypeFull (2)
	Creator Process ID:	0xe04
	Process Command Line:	/d /c taskkill /t /f /im ""osk.exe"" > NUL & ping -n 1 127.0.0.1 > NUL & del ""C:\Users\bob.smith.WAYNECORPINC\AppData\Roaming\{35ACA89F-933F-6A5D-2776-A3589FB99832}\osk.exe"" > NUL

Token Elevation Type indicates the type of token that was assigned to the new process in accordance with User Account Control policy.

Type 1 is a full token with no privileges removed or groups disabled.  A full token is only used if User Account Control is disabled or if the user is the built-in Administrator account or a service account.

Type 2 is an elevated token with no privileges removed or groups disabled.  An elevated token is used when User Account Control is enabled and the user chooses to start the program using Run as administrator.  An elevated token is also used when an application is configured to always require administrative privilege or to always require maximum privilege, and the user is a member of the Administrators group.

Type 3 is a limited token with administrative privileges removed and administrative groups disabled.  The limited token is used when User Account Control is enabled, the application does not require administrative privilege, and the user does not choose to start the program using Run as administrator.","2016-08-24T22:45:29.000+0530",,we8105desk,botsv1,33,"//_::_\r=\r=___.\r=\r=\r=\r=..\r=_\r=\r=\r=_\r=_____.\r\r\r\r:\r\rt","WinEventLog:Security","WinEventLog:Security",JagadishJasti,,,
WAYNECORPINC,"WE8105DESK$","we8105desk.waynecorpinc.local",0x7ec,,4688,0,"Audit Success",Security,0x3e7,,"A new process has been created.

Subject:
	Security ID:		NT AUTHORITY\SYSTEM
	Account Name:		WE8105DESK$
	Account Domain:		WAYNECORPINC
	Logon ID:		0x3e7

Process Information:
	New Process ID:		0x4b8
	New Process Name:	C:\Windows\System32\cmd.exe
	Token Elevation Type:	TokenElevationTypeDefault (1)
	Creator Process ID:	0x7ec
	Process Command Line:	cmd /c C:\Windows\temp\nessus_W7GLH62C.bat

Token Elevation Type indicates the type of token that was assigned to the new process in accordance with User Account Control policy.

Type 1 is a full token with no privileges removed or groups disabled.  A full token is only used if User Account Control is disabled or if the user is the built-in Administrator account or a service account.

Type 2 is an elevated token with no privileges removed or groups disabled.  An elevated token is used when User Account Control is enabled and the user chooses to start the program using Run as administrator.  An elevated token is also used when an application is configured to always require administrative privilege or to always require maximum privilege, and the user is a member of the Administrators group.

Type 3 is a limited token with administrative privileges removed and administrative groups disabled.  The limited token is used when User Account Control is enabled, the application does not require administrative privilege, and the user does not choose to start the program using Run as administrator.",0x4b8,"C:\Windows\System32\cmd.exe",Info,"cmd /c C:\Windows\temp\nessus_W7GLH62C.bat",34817,"NT AUTHORITY\SYSTEM","Microsoft Windows security auditing.","Process Creation","TokenElevationTypeDefault (1)",Information,"08/24/2016 10:36:44 AM
LogName=Security
SourceName=Microsoft Windows security auditing.
EventCode=4688
EventType=0
Type=Information
ComputerName=we8105desk.waynecorpinc.local
TaskCategory=Process Creation
OpCode=Info
RecordNumber=34817
Keywords=Audit Success
Message=A new process has been created.

Subject:
	Security ID:		NT AUTHORITY\SYSTEM
	Account Name:		WE8105DESK$
	Account Domain:		WAYNECORPINC
	Logon ID:		0x3e7

Process Information:
	New Process ID:		0x4b8
	New Process Name:	C:\Windows\System32\cmd.exe
	Token Elevation Type:	TokenElevationTypeDefault (1)
	Creator Process ID:	0x7ec
	Process Command Line:	cmd /c C:\Windows\temp\nessus_W7GLH62C.bat

Token Elevation Type indicates the type of token that was assigned to the new process in accordance with User Account Control policy.

Type 1 is a full token with no privileges removed or groups disabled.  A full token is only used if User Account Control is disabled or if the user is the built-in Administrator account or a service account.

Type 2 is an elevated token with no privileges removed or groups disabled.  An elevated token is used when User Account Control is enabled and the user chooses to start the program using Run as administrator.  An elevated token is also used when an application is configured to always require administrative privilege or to always require maximum privilege, and the user is a member of the Administrators group.

Type 3 is a limited token with administrative privileges removed and administrative groups disabled.  The limited token is used when User Account Control is enabled, the application does not require administrative privilege, and the user does not choose to start the program using Run as administrator.","2016-08-24T22:06:44.000+0530",,we8105desk,botsv1,33,"//_::_\r=\r=___.\r=\r=\r=\r=..\r=_\r=\r=\r=_\r=_____.\r\r\r\r:\r\rt","WinEventLog:Security","WinEventLog:Security",JagadishJasti,,,
WAYNECORPINC,"WE9041SRV$","we9041srv.waynecorpinc.local",0x330,,4688,0,"Audit Success",Security,0x3E7,,"A new process has been created.

Subject:
	Security ID:		NT AUTHORITY\SYSTEM
	Account Name:		WE9041SRV$
	Account Domain:		WAYNECORPINC
	Logon ID:		0x3E7

Process Information:
	New Process ID:		0xf30
	New Process Name:	C:\Windows\System32\cmd.exe
	Token Elevation Type:	TokenElevationTypeDefault (1)
	Creator Process ID:	0x330
	Process Command Line:	cmd /c C:\Windows\temp\nessus_ZCHPYH15.bat

Token Elevation Type indicates the type of token that was assigned to the new process in accordance with User Account Control policy.

Type 1 is a full token with no privileges removed or groups disabled.  A full token is only used if User Account Control is disabled or if the user is the built-in Administrator account or a service account.

Type 2 is an elevated token with no privileges removed or groups disabled.  An elevated token is used when User Account Control is enabled and the user chooses to start the program using Run as administrator.  An elevated token is also used when an application is configured to always require administrative privilege or to always require maximum privilege, and the user is a member of the Administrators group.

Type 3 is a limited token with administrative privileges removed and administrative groups disabled.  The limited token is used when User Account Control is enabled, the application does not require administrative privilege, and the user does not choose to start the program using Run as administrator.",0xf30,"C:\Windows\System32\cmd.exe",Info,"cmd /c C:\Windows\temp\nessus_ZCHPYH15.bat",1091165,"NT AUTHORITY\SYSTEM","Microsoft Windows security auditing.","Process Creation","TokenElevationTypeDefault (1)",Information,"08/24/2016 09:36:02 AM
LogName=Security
SourceName=Microsoft Windows security auditing.
EventCode=4688
EventType=0
Type=Information
ComputerName=we9041srv.waynecorpinc.local
TaskCategory=Process Creation
OpCode=Info
RecordNumber=1091165
Keywords=Audit Success
Message=A new process has been created.

Subject:
	Security ID:		NT AUTHORITY\SYSTEM
	Account Name:		WE9041SRV$
	Account Domain:		WAYNECORPINC
	Logon ID:		0x3E7

Process Information:
	New Process ID:		0xf30
	New Process Name:	C:\Windows\System32\cmd.exe
	Token Elevation Type:	TokenElevationTypeDefault (1)
	Creator Process ID:	0x330
	Process Command Line:	cmd /c C:\Windows\temp\nessus_ZCHPYH15.bat

Token Elevation Type indicates the type of token that was assigned to the new process in accordance with User Account Control policy.

Type 1 is a full token with no privileges removed or groups disabled.  A full token is only used if User Account Control is disabled or if the user is the built-in Administrator account or a service account.

Type 2 is an elevated token with no privileges removed or groups disabled.  An elevated token is used when User Account Control is enabled and the user chooses to start the program using Run as administrator.  An elevated token is also used when an application is configured to always require administrative privilege or to always require maximum privilege, and the user is a member of the Administrators group.

Type 3 is a limited token with administrative privileges removed and administrative groups disabled.  The limited token is used when User Account Control is enabled, the application does not require administrative privilege, and the user does not choose to start the program using Run as administrator.","2016-08-24T22:06:02.000+0530",,we9041srv,botsv1,33,"//_::_\r=\r=___.\r=\r=\r=\r=..\r=_\r=\r=\r=_\r=_____.\r\r\r\r:\r\rt","WinEventLog:Security","WinEventLog:Security",JagadishJasti,,,
WAYNECORPINC,"WE8105DESK$","we8105desk.waynecorpinc.local",0x5ec,,4688,0,"Audit Success",Security,0x3e4,,"A new process has been created.

Subject:
	Security ID:		NT AUTHORITY\NETWORK SERVICE
	Account Name:		WE8105DESK$
	Account Domain:		WAYNECORPINC
	Logon ID:		0x3e4

Process Information:
	New Process ID:		0x904
	New Process Name:	C:\Windows\System32\cmd.exe
	Token Elevation Type:	TokenElevationTypeDefault (1)
	Creator Process ID:	0x5ec
	Process Command Line:	cmd /c ""schtasks /query /XML > %SystemRoot%\TEMP\nessus_VPG2T4UF.TMP & ren %SystemRoot%\TEMP\nessus_VPG2T4UF.TMP nessus_VPG2T4UF.TXT""

Token Elevation Type indicates the type of token that was assigned to the new process in accordance with User Account Control policy.

Type 1 is a full token with no privileges removed or groups disabled.  A full token is only used if User Account Control is disabled or if the user is the built-in Administrator account or a service account.

Type 2 is an elevated token with no privileges removed or groups disabled.  An elevated token is used when User Account Control is enabled and the user chooses to start the program using Run as administrator.  An elevated token is also used when an application is configured to always require administrative privilege or to always require maximum privilege, and the user is a member of the Administrators group.

Type 3 is a limited token with administrative privileges removed and administrative groups disabled.  The limited token is used when User Account Control is enabled, the application does not require administrative privilege, and the user does not choose to start the program using Run as administrator.",0x904,"C:\Windows\System32\cmd.exe",Info,"cmd /c ""schtasks /query /XML > %SystemRoot%\TEMP\nessus_VPG2T4UF.TMP & ren %SystemRoot%\TEMP\nessus_VPG2T4UF.TMP nessus_VPG2T4UF.TXT""",31639,"NT AUTHORITY\NETWORK SERVICE","Microsoft Windows security auditing.","Process Creation","TokenElevationTypeDefault (1)",Information,"08/24/2016 10:35:36 AM
LogName=Security
SourceName=Microsoft Windows security auditing.
EventCode=4688
EventType=0
Type=Information
ComputerName=we8105desk.waynecorpinc.local
TaskCategory=Process Creation
OpCode=Info
RecordNumber=31639
Keywords=Audit Success
Message=A new process has been created.

Subject:
	Security ID:		NT AUTHORITY\NETWORK SERVICE
	Account Name:		WE8105DESK$
	Account Domain:		WAYNECORPINC
	Logon ID:		0x3e4

Process Information:
	New Process ID:		0x904
	New Process Name:	C:\Windows\System32\cmd.exe
	Token Elevation Type:	TokenElevationTypeDefault (1)
	Creator Process ID:	0x5ec
	Process Command Line:	cmd /c ""schtasks /query /XML > %SystemRoot%\TEMP\nessus_VPG2T4UF.TMP & ren %SystemRoot%\TEMP\nessus_VPG2T4UF.TMP nessus_VPG2T4UF.TXT""

Token Elevation Type indicates the type of token that was assigned to the new process in accordance with User Account Control policy.

Type 1 is a full token with no privileges removed or groups disabled.  A full token is only used if User Account Control is disabled or if the user is the built-in Administrator account or a service account.

Type 2 is an elevated token with no privileges removed or groups disabled.  An elevated token is used when User Account Control is enabled and the user chooses to start the program using Run as administrator.  An elevated token is also used when an application is configured to always require administrative privilege or to always require maximum privilege, and the user is a member of the Administrators group.

Type 3 is a limited token with administrative privileges removed and administrative groups disabled.  The limited token is used when User Account Control is enabled, the application does not require administrative privilege, and the user does not choose to start the program using Run as administrator.","2016-08-24T22:05:36.000+0530",,we8105desk,botsv1,33,"//_::_\r=\r=___.\r=\r=\r=\r=..\r=_\r=\r=\r=_\r=_____.\r\r\r\r:\r\rt","WinEventLog:Security","WinEventLog:Security",JagadishJasti,,,
WAYNECORPINC,Administrator,"we8105desk.waynecorpinc.local",0x740,,4688,0,"Audit Success",Security,0x2bb982,,"A new process has been created.

Subject:
	Security ID:		WAYNECORPINC\Administrator
	Account Name:		Administrator
	Account Domain:		WAYNECORPINC
	Logon ID:		0x2bb982

Process Information:
	New Process ID:		0x3e4
	New Process Name:	C:\Windows\System32\cmd.exe
	Token Elevation Type:	TokenElevationTypeDefault (1)
	Creator Process ID:	0x740
	Process Command Line:	cmd  /c netsh advfirewall show allprofiles firewallpolicy  

Token Elevation Type indicates the type of token that was assigned to the new process in accordance with User Account Control policy.

Type 1 is a full token with no privileges removed or groups disabled.  A full token is only used if User Account Control is disabled or if the user is the built-in Administrator account or a service account.

Type 2 is an elevated token with no privileges removed or groups disabled.  An elevated token is used when User Account Control is enabled and the user chooses to start the program using Run as administrator.  An elevated token is also used when an application is configured to always require administrative privilege or to always require maximum privilege, and the user is a member of the Administrators group.

Type 3 is a limited token with administrative privileges removed and administrative groups disabled.  The limited token is used when User Account Control is enabled, the application does not require administrative privilege, and the user does not choose to start the program using Run as administrator.",0x3e4,"C:\Windows\System32\cmd.exe",Info,"cmd  /c netsh advfirewall show allprofiles firewallpolicy",30124,"WAYNECORPINC\Administrator","Microsoft Windows security auditing.","Process Creation","TokenElevationTypeDefault (1)",Information,"08/24/2016 10:34:56 AM
LogName=Security
SourceName=Microsoft Windows security auditing.
EventCode=4688
EventType=0
Type=Information
ComputerName=we8105desk.waynecorpinc.local
TaskCategory=Process Creation
OpCode=Info
RecordNumber=30124
Keywords=Audit Success
Message=A new process has been created.

Subject:
	Security ID:		WAYNECORPINC\Administrator
	Account Name:		Administrator
	Account Domain:		WAYNECORPINC
	Logon ID:		0x2bb982

Process Information:
	New Process ID:		0x3e4
	New Process Name:	C:\Windows\System32\cmd.exe
	Token Elevation Type:	TokenElevationTypeDefault (1)
	Creator Process ID:	0x740
	Process Command Line:	cmd  /c netsh advfirewall show allprofiles firewallpolicy  

Token Elevation Type indicates the type of token that was assigned to the new process in accordance with User Account Control policy.

Type 1 is a full token with no privileges removed or groups disabled.  A full token is only used if User Account Control is disabled or if the user is the built-in Administrator account or a service account.

Type 2 is an elevated token with no privileges removed or groups disabled.  An elevated token is used when User Account Control is enabled and the user chooses to start the program using Run as administrator.  An elevated token is also used when an application is configured to always require administrative privilege or to always require maximum privilege, and the user is a member of the Administrators group.

Type 3 is a limited token with administrative privileges removed and administrative groups disabled.  The limited token is used when User Account Control is enabled, the application does not require administrative privilege, and the user does not choose to start the program using Run as administrator.","2016-08-24T22:04:56.000+0530",,we8105desk,botsv1,33,"//_::_\r=\r=___.\r=\r=\r=\r=..\r=_\r=\r=\r=_\r=_____.\r\r\r\r:\r\rt","WinEventLog:Security","WinEventLog:Security",JagadishJasti,,,
WAYNECORPINC,"WE8105DESK$","we8105desk.waynecorpinc.local",0x5ec,,4688,0,"Audit Success",Security,0x3e4,,"A new process has been created.

Subject:
	Security ID:		NT AUTHORITY\NETWORK SERVICE
	Account Name:		WE8105DESK$
	Account Domain:		WAYNECORPINC
	Logon ID:		0x3e4

Process Information:
	New Process ID:		0x740
	New Process Name:	C:\Windows\System32\cmd.exe
	Token Elevation Type:	TokenElevationTypeDefault (1)
	Creator Process ID:	0x5ec
	Process Command Line:	cmd /c netsh advfirewall firewall show rule name=all verbose > %SystemRoot%\TEMP\nessus_OCREA4YZ.TMP & cmd /c netsh advfirewall show allprofiles firewallpolicy >> %SystemRoot%\TEMP\nessus_OCREA4YZ.TMP & move %SystemRoot%\TEMP\nessus_OCREA4YZ.TMP %SystemRoot%\TEMP\nessus_OCREA4YZ.TXT

Token Elevation Type indicates the type of token that was assigned to the new process in accordance with User Account Control policy.

Type 1 is a full token with no privileges removed or groups disabled.  A full token is only used if User Account Control is disabled or if the user is the built-in Administrator account or a service account.

Type 2 is an elevated token with no privileges removed or groups disabled.  An elevated token is used when User Account Control is enabled and the user chooses to start the program using Run as administrator.  An elevated token is also used when an application is configured to always require administrative privilege or to always require maximum privilege, and the user is a member of the Administrators group.

Type 3 is a limited token with administrative privileges removed and administrative groups disabled.  The limited token is used when User Account Control is enabled, the application does not require administrative privilege, and the user does not choose to start the program using Run as administrator.",0x740,"C:\Windows\System32\cmd.exe",Info,"cmd /c netsh advfirewall firewall show rule name=all verbose > %SystemRoot%\TEMP\nessus_OCREA4YZ.TMP & cmd /c netsh advfirewall show allprofiles firewallpolicy >> %SystemRoot%\TEMP\nessus_OCREA4YZ.TMP & move %SystemRoot%\TEMP\nessus_OCREA4YZ.TMP %SystemRoot%\TEMP\nessus_OCREA4YZ.TXT",30113,"NT AUTHORITY\NETWORK SERVICE","Microsoft Windows security auditing.","Process Creation","TokenElevationTypeDefault (1)",Information,"08/24/2016 10:34:55 AM
LogName=Security
SourceName=Microsoft Windows security auditing.
EventCode=4688
EventType=0
Type=Information
ComputerName=we8105desk.waynecorpinc.local
TaskCategory=Process Creation
OpCode=Info
RecordNumber=30113
Keywords=Audit Success
Message=A new process has been created.

Subject:
	Security ID:		NT AUTHORITY\NETWORK SERVICE
	Account Name:		WE8105DESK$
	Account Domain:		WAYNECORPINC
	Logon ID:		0x3e4

Process Information:
	New Process ID:		0x740
	New Process Name:	C:\Windows\System32\cmd.exe
	Token Elevation Type:	TokenElevationTypeDefault (1)
	Creator Process ID:	0x5ec
	Process Command Line:	cmd /c netsh advfirewall firewall show rule name=all verbose > %SystemRoot%\TEMP\nessus_OCREA4YZ.TMP & cmd /c netsh advfirewall show allprofiles firewallpolicy >> %SystemRoot%\TEMP\nessus_OCREA4YZ.TMP & move %SystemRoot%\TEMP\nessus_OCREA4YZ.TMP %SystemRoot%\TEMP\nessus_OCREA4YZ.TXT

Token Elevation Type indicates the type of token that was assigned to the new process in accordance with User Account Control policy.

Type 1 is a full token with no privileges removed or groups disabled.  A full token is only used if User Account Control is disabled or if the user is the built-in Administrator account or a service account.

Type 2 is an elevated token with no privileges removed or groups disabled.  An elevated token is used when User Account Control is enabled and the user chooses to start the program using Run as administrator.  An elevated token is also used when an application is configured to always require administrative privilege or to always require maximum privilege, and the user is a member of the Administrators group.

Type 3 is a limited token with administrative privileges removed and administrative groups disabled.  The limited token is used when User Account Control is enabled, the application does not require administrative privilege, and the user does not choose to start the program using Run as administrator.","2016-08-24T22:04:55.000+0530",,we8105desk,botsv1,33,"//_::_\r=\r=___.\r=\r=\r=\r=..\r=_\r=\r=\r=_\r=_____.\r\r\r\r:\r\rt","WinEventLog:Security","WinEventLog:Security",JagadishJasti,,,
WAYNECORPINC,"WE9041SRV$","we9041srv.waynecorpinc.local",0xd60,,4688,0,"Audit Success",Security,0x3E4,,"A new process has been created.

Subject:
	Security ID:		NT AUTHORITY\NETWORK SERVICE
	Account Name:		WE9041SRV$
	Account Domain:		WAYNECORPINC
	Logon ID:		0x3E4

Process Information:
	New Process ID:		0x7e8
	New Process Name:	C:\Windows\System32\cmd.exe
	Token Elevation Type:	TokenElevationTypeDefault (1)
	Creator Process ID:	0xd60
	Process Command Line:	cmd /c ""schtasks /query /XML > %SystemRoot%\TEMP\nessus_W426FMMY.TMP & ren %SystemRoot%\TEMP\nessus_W426FMMY.TMP nessus_W426FMMY.TXT""

Token Elevation Type indicates the type of token that was assigned to the new process in accordance with User Account Control policy.

Type 1 is a full token with no privileges removed or groups disabled.  A full token is only used if User Account Control is disabled or if the user is the built-in Administrator account or a service account.

Type 2 is an elevated token with no privileges removed or groups disabled.  An elevated token is used when User Account Control is enabled and the user chooses to start the program using Run as administrator.  An elevated token is also used when an application is configured to always require administrative privilege or to always require maximum privilege, and the user is a member of the Administrators group.

Type 3 is a limited token with administrative privileges removed and administrative groups disabled.  The limited token is used when User Account Control is enabled, the application does not require administrative privilege, and the user does not choose to start the program using Run as administrator.",0x7e8,"C:\Windows\System32\cmd.exe",Info,"cmd /c ""schtasks /query /XML > %SystemRoot%\TEMP\nessus_W426FMMY.TMP & ren %SystemRoot%\TEMP\nessus_W426FMMY.TMP nessus_W426FMMY.TXT""",1086816,"NT AUTHORITY\NETWORK SERVICE","Microsoft Windows security auditing.","Process Creation","TokenElevationTypeDefault (1)",Information,"08/24/2016 09:34:50 AM
LogName=Security
SourceName=Microsoft Windows security auditing.
EventCode=4688
EventType=0
Type=Information
ComputerName=we9041srv.waynecorpinc.local
TaskCategory=Process Creation
OpCode=Info
RecordNumber=1086816
Keywords=Audit Success
Message=A new process has been created.

Subject:
	Security ID:		NT AUTHORITY\NETWORK SERVICE
	Account Name:		WE9041SRV$
	Account Domain:		WAYNECORPINC
	Logon ID:		0x3E4

Process Information:
	New Process ID:		0x7e8
	New Process Name:	C:\Windows\System32\cmd.exe
	Token Elevation Type:	TokenElevationTypeDefault (1)
	Creator Process ID:	0xd60
	Process Command Line:	cmd /c ""schtasks /query /XML > %SystemRoot%\TEMP\nessus_W426FMMY.TMP & ren %SystemRoot%\TEMP\nessus_W426FMMY.TMP nessus_W426FMMY.TXT""

Token Elevation Type indicates the type of token that was assigned to the new process in accordance with User Account Control policy.

Type 1 is a full token with no privileges removed or groups disabled.  A full token is only used if User Account Control is disabled or if the user is the built-in Administrator account or a service account.

Type 2 is an elevated token with no privileges removed or groups disabled.  An elevated token is used when User Account Control is enabled and the user chooses to start the program using Run as administrator.  An elevated token is also used when an application is configured to always require administrative privilege or to always require maximum privilege, and the user is a member of the Administrators group.

Type 3 is a limited token with administrative privileges removed and administrative groups disabled.  The limited token is used when User Account Control is enabled, the application does not require administrative privilege, and the user does not choose to start the program using Run as administrator.","2016-08-24T22:04:50.000+0530",,we9041srv,botsv1,33,"//_::_\r=\r=___.\r=\r=\r=\r=..\r=_\r=\r=\r=_\r=_____.\r\r\r\r:\r\rt","WinEventLog:Security","WinEventLog:Security",JagadishJasti,,,
WAYNECORPINC,"WE8105DESK$","we8105desk.waynecorpinc.local",0x5ec,,4688,0,"Audit Success",Security,0x3e4,,"A new process has been created.

Subject:
	Security ID:		NT AUTHORITY\NETWORK SERVICE
	Account Name:		WE8105DESK$
	Account Domain:		WAYNECORPINC
	Logon ID:		0x3e4

Process Information:
	New Process ID:		0xd38
	New Process Name:	C:\Windows\System32\cmd.exe
	Token Elevation Type:	TokenElevationTypeDefault (1)
	Creator Process ID:	0x5ec
	Process Command Line:	cmd /c ""tasklist /svc > %SystemRoot%\TEMP\nessus_task_listY42QJDIQ.TMP & ren %SystemRoot%\TEMP\nessus_task_listY42QJDIQ.TMP nessus_task_listY42QJDIQ.TXT""

Token Elevation Type indicates the type of token that was assigned to the new process in accordance with User Account Control policy.

Type 1 is a full token with no privileges removed or groups disabled.  A full token is only used if User Account Control is disabled or if the user is the built-in Administrator account or a service account.

Type 2 is an elevated token with no privileges removed or groups disabled.  An elevated token is used when User Account Control is enabled and the user chooses to start the program using Run as administrator.  An elevated token is also used when an application is configured to always require administrative privilege or to always require maximum privilege, and the user is a member of the Administrators group.

Type 3 is a limited token with administrative privileges removed and administrative groups disabled.  The limited token is used when User Account Control is enabled, the application does not require administrative privilege, and the user does not choose to start the program using Run as administrator.",0xd38,"C:\Windows\System32\cmd.exe",Info,"cmd /c ""tasklist /svc > %SystemRoot%\TEMP\nessus_task_listY42QJDIQ.TMP & ren %SystemRoot%\TEMP\nessus_task_listY42QJDIQ.TMP nessus_task_listY42QJDIQ.TXT""",29732,"NT AUTHORITY\NETWORK SERVICE","Microsoft Windows security auditing.","Process Creation","TokenElevationTypeDefault (1)",Information,"08/24/2016 10:34:21 AM
LogName=Security
SourceName=Microsoft Windows security auditing.
EventCode=4688
EventType=0
Type=Information
ComputerName=we8105desk.waynecorpinc.local
TaskCategory=Process Creation
OpCode=Info
RecordNumber=29732
Keywords=Audit Success
Message=A new process has been created.

Subject:
	Security ID:		NT AUTHORITY\NETWORK SERVICE
	Account Name:		WE8105DESK$
	Account Domain:		WAYNECORPINC
	Logon ID:		0x3e4

Process Information:
	New Process ID:		0xd38
	New Process Name:	C:\Windows\System32\cmd.exe
	Token Elevation Type:	TokenElevationTypeDefault (1)
	Creator Process ID:	0x5ec
	Process Command Line:	cmd /c ""tasklist /svc > %SystemRoot%\TEMP\nessus_task_listY42QJDIQ.TMP & ren %SystemRoot%\TEMP\nessus_task_listY42QJDIQ.TMP nessus_task_listY42QJDIQ.TXT""

Token Elevation Type indicates the type of token that was assigned to the new process in accordance with User Account Control policy.

Type 1 is a full token with no privileges removed or groups disabled.  A full token is only used if User Account Control is disabled or if the user is the built-in Administrator account or a service account.

Type 2 is an elevated token with no privileges removed or groups disabled.  An elevated token is used when User Account Control is enabled and the user chooses to start the program using Run as administrator.  An elevated token is also used when an application is configured to always require administrative privilege or to always require maximum privilege, and the user is a member of the Administrators group.

Type 3 is a limited token with administrative privileges removed and administrative groups disabled.  The limited token is used when User Account Control is enabled, the application does not require administrative privilege, and the user does not choose to start the program using Run as administrator.","2016-08-24T22:04:21.000+0530",,we8105desk,botsv1,33,"//_::_\r=\r=___.\r=\r=\r=\r=..\r=_\r=\r=\r=_\r=_____.\r\r\r\r:\r\rt","WinEventLog:Security","WinEventLog:Security",JagadishJasti,,,
WAYNECORPINC,"WE9041SRV$","we9041srv.waynecorpinc.local",0xd60,,4688,0,"Audit Success",Security,0x3E4,,"A new process has been created.

Subject:
	Security ID:		NT AUTHORITY\NETWORK SERVICE
	Account Name:		WE9041SRV$
	Account Domain:		WAYNECORPINC
	Logon ID:		0x3E4

Process Information:
	New Process ID:		0xbc8
	New Process Name:	C:\Windows\System32\cmd.exe
	Token Elevation Type:	TokenElevationTypeDefault (1)
	Creator Process ID:	0xd60
	Process Command Line:	cmd /c powershell ""Get-AppxPackage -AllUsers | select name, version, architecture, publisher | Format-List | out-string -width 4096"" > %SystemRoot%\TEMP\nessus_R3OP3JQV.TMP & move %SystemRoot%\TEMP\nessus_R3OP3JQV.TMP %SystemRoot%\TEMP\nessus_R3OP3JQV.TXT

Token Elevation Type indicates the type of token that was assigned to the new process in accordance with User Account Control policy.

Type 1 is a full token with no privileges removed or groups disabled.  A full token is only used if User Account Control is disabled or if the user is the built-in Administrator account or a service account.

Type 2 is an elevated token with no privileges removed or groups disabled.  An elevated token is used when User Account Control is enabled and the user chooses to start the program using Run as administrator.  An elevated token is also used when an application is configured to always require administrative privilege or to always require maximum privilege, and the user is a member of the Administrators group.

Type 3 is a limited token with administrative privileges removed and administrative groups disabled.  The limited token is used when User Account Control is enabled, the application does not require administrative privilege, and the user does not choose to start the program using Run as administrator.",0xbc8,"C:\Windows\System32\cmd.exe",Info,"cmd /c powershell ""Get-AppxPackage -AllUsers | select name, version, architecture, publisher | Format-List | out-string -width 4096"" > %SystemRoot%\TEMP\nessus_R3OP3JQV.TMP & move %SystemRoot%\TEMP\nessus_R3OP3JQV.TMP %SystemRoot%\TEMP\nessus_R3OP3JQV.TXT",1085158,"NT AUTHORITY\NETWORK SERVICE","Microsoft Windows security auditing.","Process Creation","TokenElevationTypeDefault (1)",Information,"08/24/2016 09:34:14 AM
LogName=Security
SourceName=Microsoft Windows security auditing.
EventCode=4688
EventType=0
Type=Information
ComputerName=we9041srv.waynecorpinc.local
TaskCategory=Process Creation
OpCode=Info
RecordNumber=1085158
Keywords=Audit Success
Message=A new process has been created.

Subject:
	Security ID:		NT AUTHORITY\NETWORK SERVICE
	Account Name:		WE9041SRV$
	Account Domain:		WAYNECORPINC
	Logon ID:		0x3E4

Process Information:
	New Process ID:		0xbc8
	New Process Name:	C:\Windows\System32\cmd.exe
	Token Elevation Type:	TokenElevationTypeDefault (1)
	Creator Process ID:	0xd60
	Process Command Line:	cmd /c powershell ""Get-AppxPackage -AllUsers | select name, version, architecture, publisher | Format-List | out-string -width 4096"" > %SystemRoot%\TEMP\nessus_R3OP3JQV.TMP & move %SystemRoot%\TEMP\nessus_R3OP3JQV.TMP %SystemRoot%\TEMP\nessus_R3OP3JQV.TXT

Token Elevation Type indicates the type of token that was assigned to the new process in accordance with User Account Control policy.

Type 1 is a full token with no privileges removed or groups disabled.  A full token is only used if User Account Control is disabled or if the user is the built-in Administrator account or a service account.

Type 2 is an elevated token with no privileges removed or groups disabled.  An elevated token is used when User Account Control is enabled and the user chooses to start the program using Run as administrator.  An elevated token is also used when an application is configured to always require administrative privilege or to always require maximum privilege, and the user is a member of the Administrators group.

Type 3 is a limited token with administrative privileges removed and administrative groups disabled.  The limited token is used when User Account Control is enabled, the application does not require administrative privilege, and the user does not choose to start the program using Run as administrator.","2016-08-24T22:04:14.000+0530",,we9041srv,botsv1,33,"//_::_\r=\r=___.\r=\r=\r=\r=..\r=_\r=\r=\r=_\r=_____.\r\r\r\r:\r\rt","WinEventLog:Security","WinEventLog:Security",JagadishJasti,,,
WAYNECORPINC,Administrator,"we9041srv.waynecorpinc.local",0xefc,,4688,0,"Audit Success",Security,0x11491DBE,,"A new process has been created.

Subject:
	Security ID:		WAYNECORPINC\Administrator
	Account Name:		Administrator
	Account Domain:		WAYNECORPINC
	Logon ID:		0x11491DBE

Process Information:
	New Process ID:		0xa88
	New Process Name:	C:\Windows\System32\cmd.exe
	Token Elevation Type:	TokenElevationTypeDefault (1)
	Creator Process ID:	0xefc
	Process Command Line:	cmd  /c netsh advfirewall show allprofiles firewallpolicy  

Token Elevation Type indicates the type of token that was assigned to the new process in accordance with User Account Control policy.

Type 1 is a full token with no privileges removed or groups disabled.  A full token is only used if User Account Control is disabled or if the user is the built-in Administrator account or a service account.

Type 2 is an elevated token with no privileges removed or groups disabled.  An elevated token is used when User Account Control is enabled and the user chooses to start the program using Run as administrator.  An elevated token is also used when an application is configured to always require administrative privilege or to always require maximum privilege, and the user is a member of the Administrators group.

Type 3 is a limited token with administrative privileges removed and administrative groups disabled.  The limited token is used when User Account Control is enabled, the application does not require administrative privilege, and the user does not choose to start the program using Run as administrator.",0xa88,"C:\Windows\System32\cmd.exe",Info,"cmd  /c netsh advfirewall show allprofiles firewallpolicy",1084961,"WAYNECORPINC\Administrator","Microsoft Windows security auditing.","Process Creation","TokenElevationTypeDefault (1)",Information,"08/24/2016 09:34:11 AM
LogName=Security
SourceName=Microsoft Windows security auditing.
EventCode=4688
EventType=0
Type=Information
ComputerName=we9041srv.waynecorpinc.local
TaskCategory=Process Creation
OpCode=Info
RecordNumber=1084961
Keywords=Audit Success
Message=A new process has been created.

Subject:
	Security ID:		WAYNECORPINC\Administrator
	Account Name:		Administrator
	Account Domain:		WAYNECORPINC
	Logon ID:		0x11491DBE

Process Information:
	New Process ID:		0xa88
	New Process Name:	C:\Windows\System32\cmd.exe
	Token Elevation Type:	TokenElevationTypeDefault (1)
	Creator Process ID:	0xefc
	Process Command Line:	cmd  /c netsh advfirewall show allprofiles firewallpolicy  

Token Elevation Type indicates the type of token that was assigned to the new process in accordance with User Account Control policy.

Type 1 is a full token with no privileges removed or groups disabled.  A full token is only used if User Account Control is disabled or if the user is the built-in Administrator account or a service account.

Type 2 is an elevated token with no privileges removed or groups disabled.  An elevated token is used when User Account Control is enabled and the user chooses to start the program using Run as administrator.  An elevated token is also used when an application is configured to always require administrative privilege or to always require maximum privilege, and the user is a member of the Administrators group.

Type 3 is a limited token with administrative privileges removed and administrative groups disabled.  The limited token is used when User Account Control is enabled, the application does not require administrative privilege, and the user does not choose to start the program using Run as administrator.","2016-08-24T22:04:11.000+0530",,we9041srv,botsv1,33,"//_::_\r=\r=___.\r=\r=\r=\r=..\r=_\r=\r=\r=_\r=_____.\r\r\r\r:\r\rt","WinEventLog:Security","WinEventLog:Security",JagadishJasti,,,
WAYNECORPINC,"WE9041SRV$","we9041srv.waynecorpinc.local",0xd60,,4688,0,"Audit Success",Security,0x3E4,,"A new process has been created.

Subject:
	Security ID:		NT AUTHORITY\NETWORK SERVICE
	Account Name:		WE9041SRV$
	Account Domain:		WAYNECORPINC
	Logon ID:		0x3E4

Process Information:
	New Process ID:		0xefc
	New Process Name:	C:\Windows\System32\cmd.exe
	Token Elevation Type:	TokenElevationTypeDefault (1)
	Creator Process ID:	0xd60
	Process Command Line:	cmd /c netsh advfirewall firewall show rule name=all verbose > %SystemRoot%\TEMP\nessus_SV9VMSPT.TMP & cmd /c netsh advfirewall show allprofiles firewallpolicy >> %SystemRoot%\TEMP\nessus_SV9VMSPT.TMP & move %SystemRoot%\TEMP\nessus_SV9VMSPT.TMP %SystemRoot%\TEMP\nessus_SV9VMSPT.TXT

Token Elevation Type indicates the type of token that was assigned to the new process in accordance with User Account Control policy.

Type 1 is a full token with no privileges removed or groups disabled.  A full token is only used if User Account Control is disabled or if the user is the built-in Administrator account or a service account.

Type 2 is an elevated token with no privileges removed or groups disabled.  An elevated token is used when User Account Control is enabled and the user chooses to start the program using Run as administrator.  An elevated token is also used when an application is configured to always require administrative privilege or to always require maximum privilege, and the user is a member of the Administrators group.

Type 3 is a limited token with administrative privileges removed and administrative groups disabled.  The limited token is used when User Account Control is enabled, the application does not require administrative privilege, and the user does not choose to start the program using Run as administrator.",0xefc,"C:\Windows\System32\cmd.exe",Info,"cmd /c netsh advfirewall firewall show rule name=all verbose > %SystemRoot%\TEMP\nessus_SV9VMSPT.TMP & cmd /c netsh advfirewall show allprofiles firewallpolicy >> %SystemRoot%\TEMP\nessus_SV9VMSPT.TMP & move %SystemRoot%\TEMP\nessus_SV9VMSPT.TMP %SystemRoot%\TEMP\nessus_SV9VMSPT.TXT",1084949,"NT AUTHORITY\NETWORK SERVICE","Microsoft Windows security auditing.","Process Creation","TokenElevationTypeDefault (1)",Information,"08/24/2016 09:34:11 AM
LogName=Security
SourceName=Microsoft Windows security auditing.
EventCode=4688
EventType=0
Type=Information
ComputerName=we9041srv.waynecorpinc.local
TaskCategory=Process Creation
OpCode=Info
RecordNumber=1084949
Keywords=Audit Success
Message=A new process has been created.

Subject:
	Security ID:		NT AUTHORITY\NETWORK SERVICE
	Account Name:		WE9041SRV$
	Account Domain:		WAYNECORPINC
	Logon ID:		0x3E4

Process Information:
	New Process ID:		0xefc
	New Process Name:	C:\Windows\System32\cmd.exe
	Token Elevation Type:	TokenElevationTypeDefault (1)
	Creator Process ID:	0xd60
	Process Command Line:	cmd /c netsh advfirewall firewall show rule name=all verbose > %SystemRoot%\TEMP\nessus_SV9VMSPT.TMP & cmd /c netsh advfirewall show allprofiles firewallpolicy >> %SystemRoot%\TEMP\nessus_SV9VMSPT.TMP & move %SystemRoot%\TEMP\nessus_SV9VMSPT.TMP %SystemRoot%\TEMP\nessus_SV9VMSPT.TXT

Token Elevation Type indicates the type of token that was assigned to the new process in accordance with User Account Control policy.

Type 1 is a full token with no privileges removed or groups disabled.  A full token is only used if User Account Control is disabled or if the user is the built-in Administrator account or a service account.

Type 2 is an elevated token with no privileges removed or groups disabled.  An elevated token is used when User Account Control is enabled and the user chooses to start the program using Run as administrator.  An elevated token is also used when an application is configured to always require administrative privilege or to always require maximum privilege, and the user is a member of the Administrators group.

Type 3 is a limited token with administrative privileges removed and administrative groups disabled.  The limited token is used when User Account Control is enabled, the application does not require administrative privilege, and the user does not choose to start the program using Run as administrator.","2016-08-24T22:04:11.000+0530",,we9041srv,botsv1,33,"//_::_\r=\r=___.\r=\r=\r=\r=..\r=_\r=\r=\r=_\r=_____.\r\r\r\r:\r\rt","WinEventLog:Security","WinEventLog:Security",JagadishJasti,,,
WAYNECORPINC,"WE8105DESK$","we8105desk.waynecorpinc.local",0x5ec,,4688,0,"Audit Success",Security,0x3e4,,"A new process has been created.

Subject:
	Security ID:		NT AUTHORITY\NETWORK SERVICE
	Account Name:		WE8105DESK$
	Account Domain:		WAYNECORPINC
	Logon ID:		0x3e4

Process Information:
	New Process ID:		0x41c
	New Process Name:	C:\Windows\System32\cmd.exe
	Token Elevation Type:	TokenElevationTypeDefault (1)
	Creator Process ID:	0x5ec
	Process Command Line:	cmd /c netsh wlan show interface > %SystemRoot%\TEMP\nessus_IQK9FYH1.TMP & move %SystemRoot%\TEMP\nessus_IQK9FYH1.TMP %SystemRoot%\TEMP\nessus_IQK9FYH1.TXT

Token Elevation Type indicates the type of token that was assigned to the new process in accordance with User Account Control policy.

Type 1 is a full token with no privileges removed or groups disabled.  A full token is only used if User Account Control is disabled or if the user is the built-in Administrator account or a service account.

Type 2 is an elevated token with no privileges removed or groups disabled.  An elevated token is used when User Account Control is enabled and the user chooses to start the program using Run as administrator.  An elevated token is also used when an application is configured to always require administrative privilege or to always require maximum privilege, and the user is a member of the Administrators group.

Type 3 is a limited token with administrative privileges removed and administrative groups disabled.  The limited token is used when User Account Control is enabled, the application does not require administrative privilege, and the user does not choose to start the program using Run as administrator.",0x41c,"C:\Windows\System32\cmd.exe",Info,"cmd /c netsh wlan show interface > %SystemRoot%\TEMP\nessus_IQK9FYH1.TMP & move %SystemRoot%\TEMP\nessus_IQK9FYH1.TMP %SystemRoot%\TEMP\nessus_IQK9FYH1.TXT",29651,"NT AUTHORITY\NETWORK SERVICE","Microsoft Windows security auditing.","Process Creation","TokenElevationTypeDefault (1)",Information,"08/24/2016 10:34:05 AM
LogName=Security
SourceName=Microsoft Windows security auditing.
EventCode=4688
EventType=0
Type=Information
ComputerName=we8105desk.waynecorpinc.local
TaskCategory=Process Creation
OpCode=Info
RecordNumber=29651
Keywords=Audit Success
Message=A new process has been created.

Subject:
	Security ID:		NT AUTHORITY\NETWORK SERVICE
	Account Name:		WE8105DESK$
	Account Domain:		WAYNECORPINC
	Logon ID:		0x3e4

Process Information:
	New Process ID:		0x41c
	New Process Name:	C:\Windows\System32\cmd.exe
	Token Elevation Type:	TokenElevationTypeDefault (1)
	Creator Process ID:	0x5ec
	Process Command Line:	cmd /c netsh wlan show interface > %SystemRoot%\TEMP\nessus_IQK9FYH1.TMP & move %SystemRoot%\TEMP\nessus_IQK9FYH1.TMP %SystemRoot%\TEMP\nessus_IQK9FYH1.TXT

Token Elevation Type indicates the type of token that was assigned to the new process in accordance with User Account Control policy.

Type 1 is a full token with no privileges removed or groups disabled.  A full token is only used if User Account Control is disabled or if the user is the built-in Administrator account or a service account.

Type 2 is an elevated token with no privileges removed or groups disabled.  An elevated token is used when User Account Control is enabled and the user chooses to start the program using Run as administrator.  An elevated token is also used when an application is configured to always require administrative privilege or to always require maximum privilege, and the user is a member of the Administrators group.

Type 3 is a limited token with administrative privileges removed and administrative groups disabled.  The limited token is used when User Account Control is enabled, the application does not require administrative privilege, and the user does not choose to start the program using Run as administrator.","2016-08-24T22:04:05.000+0530",,we8105desk,botsv1,33,"//_::_\r=\r=___.\r=\r=\r=\r=..\r=_\r=\r=\r=_\r=_____.\r\r\r\r:\r\rt","WinEventLog:Security","WinEventLog:Security",JagadishJasti,,,
