WAYNECORPINC,"WE8105DESK$","we8105desk.waynecorpinc.local",0x5ec,,4688,0,"Audit Success",Security,0x3e4,,"A new process has been created.

Subject:
	Security ID:		NT AUTHORITY\NETWORK SERVICE
	Account Name:		WE8105DESK$
	Account Domain:		WAYNECORPINC
	Logon ID:		0x3e4

Process Information:
	New Process ID:		0x290
	New Process Name:	C:\Windows\System32\cmd.exe
	Token Elevation Type:	TokenElevationTypeDefault (1)
	Creator Process ID:	0x5ec
	Process Command Line:	cmd /c ""netstat -ano > %SystemRoot%\TEMP\nessus_4UC962OK.TMP & ren %SystemRoot%\TEMP\nessus_4UC962OK.TMP nessus_4UC962OK.TXT""

Token Elevation Type indicates the type of token that was assigned to the new process in accordance with User Account Control policy.

Type 1 is a full token with no privileges removed or groups disabled.  A full token is only used if User Account Control is disabled or if the user is the built-in Administrator account or a service account.

Type 2 is an elevated token with no privileges removed or groups disabled.  An elevated token is used when User Account Control is enabled and the user chooses to start the program using Run as administrator.  An elevated token is also used when an application is configured to always require administrative privilege or to always require maximum privilege, and the user is a member of the Administrators group.

Type 3 is a limited token with administrative privileges removed and administrative groups disabled.  The limited token is used when User Account Control is enabled, the application does not require administrative privilege, and the user does not choose to start the program using Run as administrator.",0x290,"C:\Windows\System32\cmd.exe",Info,"cmd /c ""netstat -ano > %SystemRoot%\TEMP\nessus_4UC962OK.TMP & ren %SystemRoot%\TEMP\nessus_4UC962OK.TMP nessus_4UC962OK.TXT""",29477,"NT AUTHORITY\NETWORK SERVICE","Microsoft Windows security auditing.","Process Creation","TokenElevationTypeDefault (1)",Information,"08/24/2016 10:33:53 AM
LogName=Security
SourceName=Microsoft Windows security auditing.
EventCode=4688
EventType=0
Type=Information
ComputerName=we8105desk.waynecorpinc.local
TaskCategory=Process Creation
OpCode=Info
RecordNumber=29477
Keywords=Audit Success
Message=A new process has been created.

Subject:
	Security ID:		NT AUTHORITY\NETWORK SERVICE
	Account Name:		WE8105DESK$
	Account Domain:		WAYNECORPINC
	Logon ID:		0x3e4

Process Information:
	New Process ID:		0x290
	New Process Name:	C:\Windows\System32\cmd.exe
	Token Elevation Type:	TokenElevationTypeDefault (1)
	Creator Process ID:	0x5ec
	Process Command Line:	cmd /c ""netstat -ano > %SystemRoot%\TEMP\nessus_4UC962OK.TMP & ren %SystemRoot%\TEMP\nessus_4UC962OK.TMP nessus_4UC962OK.TXT""

Token Elevation Type indicates the type of token that was assigned to the new process in accordance with User Account Control policy.

Type 1 is a full token with no privileges removed or groups disabled.  A full token is only used if User Account Control is disabled or if the user is the built-in Administrator account or a service account.

Type 2 is an elevated token with no privileges removed or groups disabled.  An elevated token is used when User Account Control is enabled and the user chooses to start the program using Run as administrator.  An elevated token is also used when an application is configured to always require administrative privilege or to always require maximum privilege, and the user is a member of the Administrators group.

Type 3 is a limited token with administrative privileges removed and administrative groups disabled.  The limited token is used when User Account Control is enabled, the application does not require administrative privilege, and the user does not choose to start the program using Run as administrator.","2016-08-24T22:03:53.000+0530",,we8105desk,botsv1,33,"//_::_\r=\r=___.\r=\r=\r=\r=..\r=_\r=\r=\r=_\r=_____.\r\r\r\r:\r\rt","WinEventLog:Security","WinEventLog:Security",JagadishJasti,,,
WAYNECORPINC,"WE9041SRV$","we9041srv.waynecorpinc.local",0xd60,,4688,0,"Audit Success",Security,0x3E4,,"A new process has been created.

Subject:
	Security ID:		NT AUTHORITY\NETWORK SERVICE
	Account Name:		WE9041SRV$
	Account Domain:		WAYNECORPINC
	Logon ID:		0x3E4

Process Information:
	New Process ID:		0xe88
	New Process Name:	C:\Windows\System32\cmd.exe
	Token Elevation Type:	TokenElevationTypeDefault (1)
	Creator Process ID:	0xd60
	Process Command Line:	cmd /c ""tasklist /svc > %SystemRoot%\TEMP\nessus_task_listI8RC8S8K.TMP & ren %SystemRoot%\TEMP\nessus_task_listI8RC8S8K.TMP nessus_task_listI8RC8S8K.TXT""

Token Elevation Type indicates the type of token that was assigned to the new process in accordance with User Account Control policy.

Type 1 is a full token with no privileges removed or groups disabled.  A full token is only used if User Account Control is disabled or if the user is the built-in Administrator account or a service account.

Type 2 is an elevated token with no privileges removed or groups disabled.  An elevated token is used when User Account Control is enabled and the user chooses to start the program using Run as administrator.  An elevated token is also used when an application is configured to always require administrative privilege or to always require maximum privilege, and the user is a member of the Administrators group.

Type 3 is a limited token with administrative privileges removed and administrative groups disabled.  The limited token is used when User Account Control is enabled, the application does not require administrative privilege, and the user does not choose to start the program using Run as administrator.",0xe88,"C:\Windows\System32\cmd.exe",Info,"cmd /c ""tasklist /svc > %SystemRoot%\TEMP\nessus_task_listI8RC8S8K.TMP & ren %SystemRoot%\TEMP\nessus_task_listI8RC8S8K.TMP nessus_task_listI8RC8S8K.TXT""",1083551,"NT AUTHORITY\NETWORK SERVICE","Microsoft Windows security auditing.","Process Creation","TokenElevationTypeDefault (1)",Information,"08/24/2016 09:33:44 AM
LogName=Security
SourceName=Microsoft Windows security auditing.
EventCode=4688
EventType=0
Type=Information
ComputerName=we9041srv.waynecorpinc.local
TaskCategory=Process Creation
OpCode=Info
RecordNumber=1083551
Keywords=Audit Success
Message=A new process has been created.

Subject:
	Security ID:		NT AUTHORITY\NETWORK SERVICE
	Account Name:		WE9041SRV$
	Account Domain:		WAYNECORPINC
	Logon ID:		0x3E4

Process Information:
	New Process ID:		0xe88
	New Process Name:	C:\Windows\System32\cmd.exe
	Token Elevation Type:	TokenElevationTypeDefault (1)
	Creator Process ID:	0xd60
	Process Command Line:	cmd /c ""tasklist /svc > %SystemRoot%\TEMP\nessus_task_listI8RC8S8K.TMP & ren %SystemRoot%\TEMP\nessus_task_listI8RC8S8K.TMP nessus_task_listI8RC8S8K.TXT""

Token Elevation Type indicates the type of token that was assigned to the new process in accordance with User Account Control policy.

Type 1 is a full token with no privileges removed or groups disabled.  A full token is only used if User Account Control is disabled or if the user is the built-in Administrator account or a service account.

Type 2 is an elevated token with no privileges removed or groups disabled.  An elevated token is used when User Account Control is enabled and the user chooses to start the program using Run as administrator.  An elevated token is also used when an application is configured to always require administrative privilege or to always require maximum privilege, and the user is a member of the Administrators group.

Type 3 is a limited token with administrative privileges removed and administrative groups disabled.  The limited token is used when User Account Control is enabled, the application does not require administrative privilege, and the user does not choose to start the program using Run as administrator.","2016-08-24T22:03:44.000+0530",,we9041srv,botsv1,33,"//_::_\r=\r=___.\r=\r=\r=\r=..\r=_\r=\r=\r=_\r=_____.\r\r\r\r:\r\rt","WinEventLog:Security","WinEventLog:Security",JagadishJasti,,,
WAYNECORPINC,"WE9041SRV$","we9041srv.waynecorpinc.local",0xd60,,4688,0,"Audit Success",Security,0x3E4,,"A new process has been created.

Subject:
	Security ID:		NT AUTHORITY\NETWORK SERVICE
	Account Name:		WE9041SRV$
	Account Domain:		WAYNECORPINC
	Logon ID:		0x3E4

Process Information:
	New Process ID:		0x750
	New Process Name:	C:\Windows\System32\cmd.exe
	Token Elevation Type:	TokenElevationTypeDefault (1)
	Creator Process ID:	0xd60
	Process Command Line:	cmd /c netsh wlan show interface > %SystemRoot%\TEMP\nessus_JMJL39S5.TMP & move %SystemRoot%\TEMP\nessus_JMJL39S5.TMP %SystemRoot%\TEMP\nessus_JMJL39S5.TXT

Token Elevation Type indicates the type of token that was assigned to the new process in accordance with User Account Control policy.

Type 1 is a full token with no privileges removed or groups disabled.  A full token is only used if User Account Control is disabled or if the user is the built-in Administrator account or a service account.

Type 2 is an elevated token with no privileges removed or groups disabled.  An elevated token is used when User Account Control is enabled and the user chooses to start the program using Run as administrator.  An elevated token is also used when an application is configured to always require administrative privilege or to always require maximum privilege, and the user is a member of the Administrators group.

Type 3 is a limited token with administrative privileges removed and administrative groups disabled.  The limited token is used when User Account Control is enabled, the application does not require administrative privilege, and the user does not choose to start the program using Run as administrator.",0x750,"C:\Windows\System32\cmd.exe",Info,"cmd /c netsh wlan show interface > %SystemRoot%\TEMP\nessus_JMJL39S5.TMP & move %SystemRoot%\TEMP\nessus_JMJL39S5.TMP %SystemRoot%\TEMP\nessus_JMJL39S5.TXT",1083450,"NT AUTHORITY\NETWORK SERVICE","Microsoft Windows security auditing.","Process Creation","TokenElevationTypeDefault (1)",Information,"08/24/2016 09:33:30 AM
LogName=Security
SourceName=Microsoft Windows security auditing.
EventCode=4688
EventType=0
Type=Information
ComputerName=we9041srv.waynecorpinc.local
TaskCategory=Process Creation
OpCode=Info
RecordNumber=1083450
Keywords=Audit Success
Message=A new process has been created.

Subject:
	Security ID:		NT AUTHORITY\NETWORK SERVICE
	Account Name:		WE9041SRV$
	Account Domain:		WAYNECORPINC
	Logon ID:		0x3E4

Process Information:
	New Process ID:		0x750
	New Process Name:	C:\Windows\System32\cmd.exe
	Token Elevation Type:	TokenElevationTypeDefault (1)
	Creator Process ID:	0xd60
	Process Command Line:	cmd /c netsh wlan show interface > %SystemRoot%\TEMP\nessus_JMJL39S5.TMP & move %SystemRoot%\TEMP\nessus_JMJL39S5.TMP %SystemRoot%\TEMP\nessus_JMJL39S5.TXT

Token Elevation Type indicates the type of token that was assigned to the new process in accordance with User Account Control policy.

Type 1 is a full token with no privileges removed or groups disabled.  A full token is only used if User Account Control is disabled or if the user is the built-in Administrator account or a service account.

Type 2 is an elevated token with no privileges removed or groups disabled.  An elevated token is used when User Account Control is enabled and the user chooses to start the program using Run as administrator.  An elevated token is also used when an application is configured to always require administrative privilege or to always require maximum privilege, and the user is a member of the Administrators group.

Type 3 is a limited token with administrative privileges removed and administrative groups disabled.  The limited token is used when User Account Control is enabled, the application does not require administrative privilege, and the user does not choose to start the program using Run as administrator.","2016-08-24T22:03:30.000+0530",,we9041srv,botsv1,33,"//_::_\r=\r=___.\r=\r=\r=\r=..\r=_\r=\r=\r=_\r=_____.\r\r\r\r:\r\rt","WinEventLog:Security","WinEventLog:Security",JagadishJasti,,,
WAYNECORPINC,"WE9041SRV$","we9041srv.waynecorpinc.local",0xd60,,4688,0,"Audit Success",Security,0x3E4,,"A new process has been created.

Subject:
	Security ID:		NT AUTHORITY\NETWORK SERVICE
	Account Name:		WE9041SRV$
	Account Domain:		WAYNECORPINC
	Logon ID:		0x3E4

Process Information:
	New Process ID:		0xaf0
	New Process Name:	C:\Windows\System32\cmd.exe
	Token Elevation Type:	TokenElevationTypeDefault (1)
	Creator Process ID:	0xd60
	Process Command Line:	cmd /c ""netstat -ano > %SystemRoot%\TEMP\nessus_4LX6EPAV.TMP & ren %SystemRoot%\TEMP\nessus_4LX6EPAV.TMP nessus_4LX6EPAV.TXT""

Token Elevation Type indicates the type of token that was assigned to the new process in accordance with User Account Control policy.

Type 1 is a full token with no privileges removed or groups disabled.  A full token is only used if User Account Control is disabled or if the user is the built-in Administrator account or a service account.

Type 2 is an elevated token with no privileges removed or groups disabled.  An elevated token is used when User Account Control is enabled and the user chooses to start the program using Run as administrator.  An elevated token is also used when an application is configured to always require administrative privilege or to always require maximum privilege, and the user is a member of the Administrators group.

Type 3 is a limited token with administrative privileges removed and administrative groups disabled.  The limited token is used when User Account Control is enabled, the application does not require administrative privilege, and the user does not choose to start the program using Run as administrator.",0xaf0,"C:\Windows\System32\cmd.exe",Info,"cmd /c ""netstat -ano > %SystemRoot%\TEMP\nessus_4LX6EPAV.TMP & ren %SystemRoot%\TEMP\nessus_4LX6EPAV.TMP nessus_4LX6EPAV.TXT""",1083258,"NT AUTHORITY\NETWORK SERVICE","Microsoft Windows security auditing.","Process Creation","TokenElevationTypeDefault (1)",Information,"08/24/2016 09:33:22 AM
LogName=Security
SourceName=Microsoft Windows security auditing.
EventCode=4688
EventType=0
Type=Information
ComputerName=we9041srv.waynecorpinc.local
TaskCategory=Process Creation
OpCode=Info
RecordNumber=1083258
Keywords=Audit Success
Message=A new process has been created.

Subject:
	Security ID:		NT AUTHORITY\NETWORK SERVICE
	Account Name:		WE9041SRV$
	Account Domain:		WAYNECORPINC
	Logon ID:		0x3E4

Process Information:
	New Process ID:		0xaf0
	New Process Name:	C:\Windows\System32\cmd.exe
	Token Elevation Type:	TokenElevationTypeDefault (1)
	Creator Process ID:	0xd60
	Process Command Line:	cmd /c ""netstat -ano > %SystemRoot%\TEMP\nessus_4LX6EPAV.TMP & ren %SystemRoot%\TEMP\nessus_4LX6EPAV.TMP nessus_4LX6EPAV.TXT""

Token Elevation Type indicates the type of token that was assigned to the new process in accordance with User Account Control policy.

Type 1 is a full token with no privileges removed or groups disabled.  A full token is only used if User Account Control is disabled or if the user is the built-in Administrator account or a service account.

Type 2 is an elevated token with no privileges removed or groups disabled.  An elevated token is used when User Account Control is enabled and the user chooses to start the program using Run as administrator.  An elevated token is also used when an application is configured to always require administrative privilege or to always require maximum privilege, and the user is a member of the Administrators group.

Type 3 is a limited token with administrative privileges removed and administrative groups disabled.  The limited token is used when User Account Control is enabled, the application does not require administrative privilege, and the user does not choose to start the program using Run as administrator.","2016-08-24T22:03:22.000+0530",,we9041srv,botsv1,33,"//_::_\r=\r=___.\r=\r=\r=\r=..\r=_\r=\r=\r=_\r=_____.\r\r\r\r:\r\rt","WinEventLog:Security","WinEventLog:Security",JagadishJasti,,,
"WAYNECORPINC
-","WE8105DESK$
-","we8105desk.waynecorpinc.local",0x71c,"C:\Program Files\SplunkUniversalForwarder\bin\splunkd.exe",4688,0,"Audit Success",Security,"0x3E7
0x0","Mandatory Label\System Mandatory Level","A new process has been created.

Creator Subject:
	Security ID:		NT AUTHORITY\SYSTEM
	Account Name:		WE8105DESK$
	Account Domain:		WAYNECORPINC
	Logon ID:		0x3E7

Target Subject:
	Security ID:		NULL SID
	Account Name:		-
	Account Domain:		-
	Logon ID:		0x0

Process Information:
	New Process ID:		0x1358
	New Process Name:	C:\Windows\System32\cmd.exe
	Token Elevation Type:	%%1936
	Mandatory Label:		Mandatory Label\System Mandatory Level
	Creator Process ID:	0x71c
	Creator Process Name:	C:\Program Files\SplunkUniversalForwarder\bin\splunkd.exe
	Process Command Line:	C:\Windows\system32\cmd.exe /c """"C:\Program Files\SplunkUniversalForwarder\etc\system\bin\powershell2.cmd"" --scheme""

Token Elevation Type indicates the type of token that was assigned to the new process in accordance with User Account Control policy.

Type 1 is a full token with no privileges removed or groups disabled.  A full token is only used if User Account Control is disabled or if the user is the built-in Administrator account or a service account.

Type 2 is an elevated token with no privileges removed or groups disabled.  An elevated token is used when User Account Control is enabled and the user chooses to start the program using Run as administrator.  An elevated token is also used when an application is configured to always require administrative privilege or to always require maximum privilege, and the user is a member of the Administrators group.

Type 3 is a limited token with administrative privileges removed and administrative groups disabled.  The limited token is used when User Account Control is enabled, the application does not require administrative privilege, and the user does not choose to start the program using Run as administrator.",0x1358,"C:\Windows\System32\cmd.exe",Info,"C:\Windows\system32\cmd.exe /c """"C:\Program Files\SplunkUniversalForwarder\etc\system\bin\powershell2.cmd"" --scheme""",493618,"NT AUTHORITY\SYSTEM
NULL SID","Microsoft Windows security auditing.","Process Creation","%%1936",Information,"08/10/2016 02:54:36 PM
LogName=Security
SourceName=Microsoft Windows security auditing.
EventCode=4688
EventType=0
Type=Information
ComputerName=we8105desk.waynecorpinc.local
TaskCategory=Process Creation
OpCode=Info
RecordNumber=493618
Keywords=Audit Success
Message=A new process has been created.

Creator Subject:
	Security ID:		NT AUTHORITY\SYSTEM
	Account Name:		WE8105DESK$
	Account Domain:		WAYNECORPINC
	Logon ID:		0x3E7

Target Subject:
	Security ID:		NULL SID
	Account Name:		-
	Account Domain:		-
	Logon ID:		0x0

Process Information:
	New Process ID:		0x1358
	New Process Name:	C:\Windows\System32\cmd.exe
	Token Elevation Type:	%%1936
	Mandatory Label:		Mandatory Label\System Mandatory Level
	Creator Process ID:	0x71c
	Creator Process Name:	C:\Program Files\SplunkUniversalForwarder\bin\splunkd.exe
	Process Command Line:	C:\Windows\system32\cmd.exe /c """"C:\Program Files\SplunkUniversalForwarder\etc\system\bin\powershell2.cmd"" --scheme""

Token Elevation Type indicates the type of token that was assigned to the new process in accordance with User Account Control policy.

Type 1 is a full token with no privileges removed or groups disabled.  A full token is only used if User Account Control is disabled or if the user is the built-in Administrator account or a service account.

Type 2 is an elevated token with no privileges removed or groups disabled.  An elevated token is used when User Account Control is enabled and the user chooses to start the program using Run as administrator.  An elevated token is also used when an application is configured to always require administrative privilege or to always require maximum privilege, and the user is a member of the Administrators group.

Type 3 is a limited token with administrative privileges removed and administrative groups disabled.  The limited token is used when User Account Control is enabled, the application does not require administrative privilege, and the user does not choose to start the program using Run as administrator.","2016-08-11T03:24:36.000+0530",,we8105desk,botsv1,41,"//_::_\r=\r=___.\r=\r=\r=\r=..\r=_\r=\r=\r=_\r=_____.\r\r\r\r_:\r\r","WinEventLog:Security","WinEventLog:Security",JagadishJasti,,,
"WAYNECORPINC
-","WE8105DESK$
-","we8105desk.waynecorpinc.local",0x71c,"C:\Program Files\SplunkUniversalForwarder\bin\splunkd.exe",4688,0,"Audit Success",Security,"0x3E7
0x0","Mandatory Label\System Mandatory Level","A new process has been created.

Creator Subject:
	Security ID:		NT AUTHORITY\SYSTEM
	Account Name:		WE8105DESK$
	Account Domain:		WAYNECORPINC
	Logon ID:		0x3E7

Target Subject:
	Security ID:		NULL SID
	Account Name:		-
	Account Domain:		-
	Logon ID:		0x0

Process Information:
	New Process ID:		0x114c
	New Process Name:	C:\Windows\System32\cmd.exe
	Token Elevation Type:	%%1936
	Mandatory Label:		Mandatory Label\System Mandatory Level
	Creator Process ID:	0x71c
	Creator Process Name:	C:\Program Files\SplunkUniversalForwarder\bin\splunkd.exe
	Process Command Line:	C:\Windows\system32\cmd.exe /c """"C:\Program Files\SplunkUniversalForwarder\etc\system\bin\powershell.cmd"" --scheme""

Token Elevation Type indicates the type of token that was assigned to the new process in accordance with User Account Control policy.

Type 1 is a full token with no privileges removed or groups disabled.  A full token is only used if User Account Control is disabled or if the user is the built-in Administrator account or a service account.

Type 2 is an elevated token with no privileges removed or groups disabled.  An elevated token is used when User Account Control is enabled and the user chooses to start the program using Run as administrator.  An elevated token is also used when an application is configured to always require administrative privilege or to always require maximum privilege, and the user is a member of the Administrators group.

Type 3 is a limited token with administrative privileges removed and administrative groups disabled.  The limited token is used when User Account Control is enabled, the application does not require administrative privilege, and the user does not choose to start the program using Run as administrator.",0x114c,"C:\Windows\System32\cmd.exe",Info,"C:\Windows\system32\cmd.exe /c """"C:\Program Files\SplunkUniversalForwarder\etc\system\bin\powershell.cmd"" --scheme""",493609,"NT AUTHORITY\SYSTEM
NULL SID","Microsoft Windows security auditing.","Process Creation","%%1936",Information,"08/10/2016 02:54:36 PM
LogName=Security
SourceName=Microsoft Windows security auditing.
EventCode=4688
EventType=0
Type=Information
ComputerName=we8105desk.waynecorpinc.local
TaskCategory=Process Creation
OpCode=Info
RecordNumber=493609
Keywords=Audit Success
Message=A new process has been created.

Creator Subject:
	Security ID:		NT AUTHORITY\SYSTEM
	Account Name:		WE8105DESK$
	Account Domain:		WAYNECORPINC
	Logon ID:		0x3E7

Target Subject:
	Security ID:		NULL SID
	Account Name:		-
	Account Domain:		-
	Logon ID:		0x0

Process Information:
	New Process ID:		0x114c
	New Process Name:	C:\Windows\System32\cmd.exe
	Token Elevation Type:	%%1936
	Mandatory Label:		Mandatory Label\System Mandatory Level
	Creator Process ID:	0x71c
	Creator Process Name:	C:\Program Files\SplunkUniversalForwarder\bin\splunkd.exe
	Process Command Line:	C:\Windows\system32\cmd.exe /c """"C:\Program Files\SplunkUniversalForwarder\etc\system\bin\powershell.cmd"" --scheme""

Token Elevation Type indicates the type of token that was assigned to the new process in accordance with User Account Control policy.

Type 1 is a full token with no privileges removed or groups disabled.  A full token is only used if User Account Control is disabled or if the user is the built-in Administrator account or a service account.

Type 2 is an elevated token with no privileges removed or groups disabled.  An elevated token is used when User Account Control is enabled and the user chooses to start the program using Run as administrator.  An elevated token is also used when an application is configured to always require administrative privilege or to always require maximum privilege, and the user is a member of the Administrators group.

Type 3 is a limited token with administrative privileges removed and administrative groups disabled.  The limited token is used when User Account Control is enabled, the application does not require administrative privilege, and the user does not choose to start the program using Run as administrator.","2016-08-11T03:24:36.000+0530",,we8105desk,botsv1,41,"//_::_\r=\r=___.\r=\r=\r=\r=..\r=_\r=\r=\r=_\r=_____.\r\r\r\r_:\r\r","WinEventLog:Security","WinEventLog:Security",JagadishJasti,,,
"WAYNECORPINC
-","WE8105DESK$
-","we8105desk.waynecorpinc.local",0x71c,"C:\Program Files\SplunkUniversalForwarder\bin\splunkd.exe",4688,0,"Audit Success",Security,"0x3E7
0x0","Mandatory Label\System Mandatory Level","A new process has been created.

Creator Subject:
	Security ID:		NT AUTHORITY\SYSTEM
	Account Name:		WE8105DESK$
	Account Domain:		WAYNECORPINC
	Logon ID:		0x3E7

Target Subject:
	Security ID:		NULL SID
	Account Name:		-
	Account Domain:		-
	Logon ID:		0x0

Process Information:
	New Process ID:		0xe10
	New Process Name:	C:\Windows\System32\cmd.exe
	Token Elevation Type:	%%1936
	Mandatory Label:		Mandatory Label\System Mandatory Level
	Creator Process ID:	0x71c
	Creator Process Name:	C:\Program Files\SplunkUniversalForwarder\bin\splunkd.exe
	Process Command Line:	C:\Windows\system32\cmd.exe /c """"C:\Program Files\SplunkUniversalForwarder\etc\system\bin\perfmon.cmd"" --scheme""

Token Elevation Type indicates the type of token that was assigned to the new process in accordance with User Account Control policy.

Type 1 is a full token with no privileges removed or groups disabled.  A full token is only used if User Account Control is disabled or if the user is the built-in Administrator account or a service account.

Type 2 is an elevated token with no privileges removed or groups disabled.  An elevated token is used when User Account Control is enabled and the user chooses to start the program using Run as administrator.  An elevated token is also used when an application is configured to always require administrative privilege or to always require maximum privilege, and the user is a member of the Administrators group.

Type 3 is a limited token with administrative privileges removed and administrative groups disabled.  The limited token is used when User Account Control is enabled, the application does not require administrative privilege, and the user does not choose to start the program using Run as administrator.",0xe10,"C:\Windows\System32\cmd.exe",Info,"C:\Windows\system32\cmd.exe /c """"C:\Program Files\SplunkUniversalForwarder\etc\system\bin\perfmon.cmd"" --scheme""",493605,"NT AUTHORITY\SYSTEM
NULL SID","Microsoft Windows security auditing.","Process Creation","%%1936",Information,"08/10/2016 02:54:35 PM
LogName=Security
SourceName=Microsoft Windows security auditing.
EventCode=4688
EventType=0
Type=Information
ComputerName=we8105desk.waynecorpinc.local
TaskCategory=Process Creation
OpCode=Info
RecordNumber=493605
Keywords=Audit Success
Message=A new process has been created.

Creator Subject:
	Security ID:		NT AUTHORITY\SYSTEM
	Account Name:		WE8105DESK$
	Account Domain:		WAYNECORPINC
	Logon ID:		0x3E7

Target Subject:
	Security ID:		NULL SID
	Account Name:		-
	Account Domain:		-
	Logon ID:		0x0

Process Information:
	New Process ID:		0xe10
	New Process Name:	C:\Windows\System32\cmd.exe
	Token Elevation Type:	%%1936
	Mandatory Label:		Mandatory Label\System Mandatory Level
	Creator Process ID:	0x71c
	Creator Process Name:	C:\Program Files\SplunkUniversalForwarder\bin\splunkd.exe
	Process Command Line:	C:\Windows\system32\cmd.exe /c """"C:\Program Files\SplunkUniversalForwarder\etc\system\bin\perfmon.cmd"" --scheme""

Token Elevation Type indicates the type of token that was assigned to the new process in accordance with User Account Control policy.

Type 1 is a full token with no privileges removed or groups disabled.  A full token is only used if User Account Control is disabled or if the user is the built-in Administrator account or a service account.

Type 2 is an elevated token with no privileges removed or groups disabled.  An elevated token is used when User Account Control is enabled and the user chooses to start the program using Run as administrator.  An elevated token is also used when an application is configured to always require administrative privilege or to always require maximum privilege, and the user is a member of the Administrators group.

Type 3 is a limited token with administrative privileges removed and administrative groups disabled.  The limited token is used when User Account Control is enabled, the application does not require administrative privilege, and the user does not choose to start the program using Run as administrator.","2016-08-11T03:24:35.000+0530",,we8105desk,botsv1,41,"//_::_\r=\r=___.\r=\r=\r=\r=..\r=_\r=\r=\r=_\r=_____.\r\r\r\r_:\r\r","WinEventLog:Security","WinEventLog:Security",JagadishJasti,,,
"WAYNECORPINC
-","WE8105DESK$
-","we8105desk.waynecorpinc.local",0x71c,"C:\Program Files\SplunkUniversalForwarder\bin\splunkd.exe",4688,0,"Audit Success",Security,"0x3E7
0x0","Mandatory Label\System Mandatory Level","A new process has been created.

Creator Subject:
	Security ID:		NT AUTHORITY\SYSTEM
	Account Name:		WE8105DESK$
	Account Domain:		WAYNECORPINC
	Logon ID:		0x3E7

Target Subject:
	Security ID:		NULL SID
	Account Name:		-
	Account Domain:		-
	Logon ID:		0x0

Process Information:
	New Process ID:		0xca4
	New Process Name:	C:\Windows\System32\cmd.exe
	Token Elevation Type:	%%1936
	Mandatory Label:		Mandatory Label\System Mandatory Level
	Creator Process ID:	0x71c
	Creator Process Name:	C:\Program Files\SplunkUniversalForwarder\bin\splunkd.exe
	Process Command Line:	C:\Windows\system32\cmd.exe /c """"C:\Program Files\SplunkUniversalForwarder\etc\system\bin\admon.cmd"" --scheme""

Token Elevation Type indicates the type of token that was assigned to the new process in accordance with User Account Control policy.

Type 1 is a full token with no privileges removed or groups disabled.  A full token is only used if User Account Control is disabled or if the user is the built-in Administrator account or a service account.

Type 2 is an elevated token with no privileges removed or groups disabled.  An elevated token is used when User Account Control is enabled and the user chooses to start the program using Run as administrator.  An elevated token is also used when an application is configured to always require administrative privilege or to always require maximum privilege, and the user is a member of the Administrators group.

Type 3 is a limited token with administrative privileges removed and administrative groups disabled.  The limited token is used when User Account Control is enabled, the application does not require administrative privilege, and the user does not choose to start the program using Run as administrator.",0xca4,"C:\Windows\System32\cmd.exe",Info,"C:\Windows\system32\cmd.exe /c """"C:\Program Files\SplunkUniversalForwarder\etc\system\bin\admon.cmd"" --scheme""",493603,"NT AUTHORITY\SYSTEM
NULL SID","Microsoft Windows security auditing.","Process Creation","%%1936",Information,"08/10/2016 02:54:35 PM
LogName=Security
SourceName=Microsoft Windows security auditing.
EventCode=4688
EventType=0
Type=Information
ComputerName=we8105desk.waynecorpinc.local
TaskCategory=Process Creation
OpCode=Info
RecordNumber=493603
Keywords=Audit Success
Message=A new process has been created.

Creator Subject:
	Security ID:		NT AUTHORITY\SYSTEM
	Account Name:		WE8105DESK$
	Account Domain:		WAYNECORPINC
	Logon ID:		0x3E7

Target Subject:
	Security ID:		NULL SID
	Account Name:		-
	Account Domain:		-
	Logon ID:		0x0

Process Information:
	New Process ID:		0xca4
	New Process Name:	C:\Windows\System32\cmd.exe
	Token Elevation Type:	%%1936
	Mandatory Label:		Mandatory Label\System Mandatory Level
	Creator Process ID:	0x71c
	Creator Process Name:	C:\Program Files\SplunkUniversalForwarder\bin\splunkd.exe
	Process Command Line:	C:\Windows\system32\cmd.exe /c """"C:\Program Files\SplunkUniversalForwarder\etc\system\bin\admon.cmd"" --scheme""

Token Elevation Type indicates the type of token that was assigned to the new process in accordance with User Account Control policy.

Type 1 is a full token with no privileges removed or groups disabled.  A full token is only used if User Account Control is disabled or if the user is the built-in Administrator account or a service account.

Type 2 is an elevated token with no privileges removed or groups disabled.  An elevated token is used when User Account Control is enabled and the user chooses to start the program using Run as administrator.  An elevated token is also used when an application is configured to always require administrative privilege or to always require maximum privilege, and the user is a member of the Administrators group.

Type 3 is a limited token with administrative privileges removed and administrative groups disabled.  The limited token is used when User Account Control is enabled, the application does not require administrative privilege, and the user does not choose to start the program using Run as administrator.","2016-08-11T03:24:35.000+0530",,we8105desk,botsv1,41,"//_::_\r=\r=___.\r=\r=\r=\r=..\r=_\r=\r=\r=_\r=_____.\r\r\r\r_:\r\r","WinEventLog:Security","WinEventLog:Security",JagadishJasti,,,
"WAYNECORPINC
-","WE8105DESK$
-","we8105desk.waynecorpinc.local",0x71c,"C:\Program Files\SplunkUniversalForwarder\bin\splunkd.exe",4688,0,"Audit Success",Security,"0x3E7
0x0","Mandatory Label\System Mandatory Level","A new process has been created.

Creator Subject:
	Security ID:		NT AUTHORITY\SYSTEM
	Account Name:		WE8105DESK$
	Account Domain:		WAYNECORPINC
	Logon ID:		0x3E7

Target Subject:
	Security ID:		NULL SID
	Account Name:		-
	Account Domain:		-
	Logon ID:		0x0

Process Information:
	New Process ID:		0x13f8
	New Process Name:	C:\Windows\System32\cmd.exe
	Token Elevation Type:	%%1936
	Mandatory Label:		Mandatory Label\System Mandatory Level
	Creator Process ID:	0x71c
	Creator Process Name:	C:\Program Files\SplunkUniversalForwarder\bin\splunkd.exe
	Process Command Line:	C:\Windows\system32\cmd.exe /c """"C:\Program Files\SplunkUniversalForwarder\etc\system\bin\WinRegMon.cmd"" --scheme""

Token Elevation Type indicates the type of token that was assigned to the new process in accordance with User Account Control policy.

Type 1 is a full token with no privileges removed or groups disabled.  A full token is only used if User Account Control is disabled or if the user is the built-in Administrator account or a service account.

Type 2 is an elevated token with no privileges removed or groups disabled.  An elevated token is used when User Account Control is enabled and the user chooses to start the program using Run as administrator.  An elevated token is also used when an application is configured to always require administrative privilege or to always require maximum privilege, and the user is a member of the Administrators group.

Type 3 is a limited token with administrative privileges removed and administrative groups disabled.  The limited token is used when User Account Control is enabled, the application does not require administrative privilege, and the user does not choose to start the program using Run as administrator.",0x13f8,"C:\Windows\System32\cmd.exe",Info,"C:\Windows\system32\cmd.exe /c """"C:\Program Files\SplunkUniversalForwarder\etc\system\bin\WinRegMon.cmd"" --scheme""",493601,"NT AUTHORITY\SYSTEM
NULL SID","Microsoft Windows security auditing.","Process Creation","%%1936",Information,"08/10/2016 02:54:35 PM
LogName=Security
SourceName=Microsoft Windows security auditing.
EventCode=4688
EventType=0
Type=Information
ComputerName=we8105desk.waynecorpinc.local
TaskCategory=Process Creation
OpCode=Info
RecordNumber=493601
Keywords=Audit Success
Message=A new process has been created.

Creator Subject:
	Security ID:		NT AUTHORITY\SYSTEM
	Account Name:		WE8105DESK$
	Account Domain:		WAYNECORPINC
	Logon ID:		0x3E7

Target Subject:
	Security ID:		NULL SID
	Account Name:		-
	Account Domain:		-
	Logon ID:		0x0

Process Information:
	New Process ID:		0x13f8
	New Process Name:	C:\Windows\System32\cmd.exe
	Token Elevation Type:	%%1936
	Mandatory Label:		Mandatory Label\System Mandatory Level
	Creator Process ID:	0x71c
	Creator Process Name:	C:\Program Files\SplunkUniversalForwarder\bin\splunkd.exe
	Process Command Line:	C:\Windows\system32\cmd.exe /c """"C:\Program Files\SplunkUniversalForwarder\etc\system\bin\WinRegMon.cmd"" --scheme""

Token Elevation Type indicates the type of token that was assigned to the new process in accordance with User Account Control policy.

Type 1 is a full token with no privileges removed or groups disabled.  A full token is only used if User Account Control is disabled or if the user is the built-in Administrator account or a service account.

Type 2 is an elevated token with no privileges removed or groups disabled.  An elevated token is used when User Account Control is enabled and the user chooses to start the program using Run as administrator.  An elevated token is also used when an application is configured to always require administrative privilege or to always require maximum privilege, and the user is a member of the Administrators group.

Type 3 is a limited token with administrative privileges removed and administrative groups disabled.  The limited token is used when User Account Control is enabled, the application does not require administrative privilege, and the user does not choose to start the program using Run as administrator.","2016-08-11T03:24:35.000+0530",,we8105desk,botsv1,41,"//_::_\r=\r=___.\r=\r=\r=\r=..\r=_\r=\r=\r=_\r=_____.\r\r\r\r_:\r\r","WinEventLog:Security","WinEventLog:Security",JagadishJasti,,,
"WAYNECORPINC
-","WE8105DESK$
-","we8105desk.waynecorpinc.local",0x71c,"C:\Program Files\SplunkUniversalForwarder\bin\splunkd.exe",4688,0,"Audit Success",Security,"0x3E7
0x0","Mandatory Label\System Mandatory Level","A new process has been created.

Creator Subject:
	Security ID:		NT AUTHORITY\SYSTEM
	Account Name:		WE8105DESK$
	Account Domain:		WAYNECORPINC
	Logon ID:		0x3E7

Target Subject:
	Security ID:		NULL SID
	Account Name:		-
	Account Domain:		-
	Logon ID:		0x0

Process Information:
	New Process ID:		0x13cc
	New Process Name:	C:\Windows\System32\cmd.exe
	Token Elevation Type:	%%1936
	Mandatory Label:		Mandatory Label\System Mandatory Level
	Creator Process ID:	0x71c
	Creator Process Name:	C:\Program Files\SplunkUniversalForwarder\bin\splunkd.exe
	Process Command Line:	C:\Windows\system32\cmd.exe /c """"C:\Program Files\SplunkUniversalForwarder\etc\system\bin\WinPrintMon.cmd"" --scheme""

Token Elevation Type indicates the type of token that was assigned to the new process in accordance with User Account Control policy.

Type 1 is a full token with no privileges removed or groups disabled.  A full token is only used if User Account Control is disabled or if the user is the built-in Administrator account or a service account.

Type 2 is an elevated token with no privileges removed or groups disabled.  An elevated token is used when User Account Control is enabled and the user chooses to start the program using Run as administrator.  An elevated token is also used when an application is configured to always require administrative privilege or to always require maximum privilege, and the user is a member of the Administrators group.

Type 3 is a limited token with administrative privileges removed and administrative groups disabled.  The limited token is used when User Account Control is enabled, the application does not require administrative privilege, and the user does not choose to start the program using Run as administrator.",0x13cc,"C:\Windows\System32\cmd.exe",Info,"C:\Windows\system32\cmd.exe /c """"C:\Program Files\SplunkUniversalForwarder\etc\system\bin\WinPrintMon.cmd"" --scheme""",493599,"NT AUTHORITY\SYSTEM
NULL SID","Microsoft Windows security auditing.","Process Creation","%%1936",Information,"08/10/2016 02:54:35 PM
LogName=Security
SourceName=Microsoft Windows security auditing.
EventCode=4688
EventType=0
Type=Information
ComputerName=we8105desk.waynecorpinc.local
TaskCategory=Process Creation
OpCode=Info
RecordNumber=493599
Keywords=Audit Success
Message=A new process has been created.

Creator Subject:
	Security ID:		NT AUTHORITY\SYSTEM
	Account Name:		WE8105DESK$
	Account Domain:		WAYNECORPINC
	Logon ID:		0x3E7

Target Subject:
	Security ID:		NULL SID
	Account Name:		-
	Account Domain:		-
	Logon ID:		0x0

Process Information:
	New Process ID:		0x13cc
	New Process Name:	C:\Windows\System32\cmd.exe
	Token Elevation Type:	%%1936
	Mandatory Label:		Mandatory Label\System Mandatory Level
	Creator Process ID:	0x71c
	Creator Process Name:	C:\Program Files\SplunkUniversalForwarder\bin\splunkd.exe
	Process Command Line:	C:\Windows\system32\cmd.exe /c """"C:\Program Files\SplunkUniversalForwarder\etc\system\bin\WinPrintMon.cmd"" --scheme""

Token Elevation Type indicates the type of token that was assigned to the new process in accordance with User Account Control policy.

Type 1 is a full token with no privileges removed or groups disabled.  A full token is only used if User Account Control is disabled or if the user is the built-in Administrator account or a service account.

Type 2 is an elevated token with no privileges removed or groups disabled.  An elevated token is used when User Account Control is enabled and the user chooses to start the program using Run as administrator.  An elevated token is also used when an application is configured to always require administrative privilege or to always require maximum privilege, and the user is a member of the Administrators group.

Type 3 is a limited token with administrative privileges removed and administrative groups disabled.  The limited token is used when User Account Control is enabled, the application does not require administrative privilege, and the user does not choose to start the program using Run as administrator.","2016-08-11T03:24:35.000+0530",,we8105desk,botsv1,41,"//_::_\r=\r=___.\r=\r=\r=\r=..\r=_\r=\r=\r=_\r=_____.\r\r\r\r_:\r\r","WinEventLog:Security","WinEventLog:Security",JagadishJasti,,,
"WAYNECORPINC
-","WE8105DESK$
-","we8105desk.waynecorpinc.local",0x71c,"C:\Program Files\SplunkUniversalForwarder\bin\splunkd.exe",4688,0,"Audit Success",Security,"0x3E7
0x0","Mandatory Label\System Mandatory Level","A new process has been created.

Creator Subject:
	Security ID:		NT AUTHORITY\SYSTEM
	Account Name:		WE8105DESK$
	Account Domain:		WAYNECORPINC
	Logon ID:		0x3E7

Target Subject:
	Security ID:		NULL SID
	Account Name:		-
	Account Domain:		-
	Logon ID:		0x0

Process Information:
	New Process ID:		0x1374
	New Process Name:	C:\Windows\System32\cmd.exe
	Token Elevation Type:	%%1936
	Mandatory Label:		Mandatory Label\System Mandatory Level
	Creator Process ID:	0x71c
	Creator Process Name:	C:\Program Files\SplunkUniversalForwarder\bin\splunkd.exe
	Process Command Line:	C:\Windows\system32\cmd.exe /c """"C:\Program Files\SplunkUniversalForwarder\etc\system\bin\WinNetMon.cmd"" --scheme""

Token Elevation Type indicates the type of token that was assigned to the new process in accordance with User Account Control policy.

Type 1 is a full token with no privileges removed or groups disabled.  A full token is only used if User Account Control is disabled or if the user is the built-in Administrator account or a service account.

Type 2 is an elevated token with no privileges removed or groups disabled.  An elevated token is used when User Account Control is enabled and the user chooses to start the program using Run as administrator.  An elevated token is also used when an application is configured to always require administrative privilege or to always require maximum privilege, and the user is a member of the Administrators group.

Type 3 is a limited token with administrative privileges removed and administrative groups disabled.  The limited token is used when User Account Control is enabled, the application does not require administrative privilege, and the user does not choose to start the program using Run as administrator.",0x1374,"C:\Windows\System32\cmd.exe",Info,"C:\Windows\system32\cmd.exe /c """"C:\Program Files\SplunkUniversalForwarder\etc\system\bin\WinNetMon.cmd"" --scheme""",493594,"NT AUTHORITY\SYSTEM
NULL SID","Microsoft Windows security auditing.","Process Creation","%%1936",Information,"08/10/2016 02:54:35 PM
LogName=Security
SourceName=Microsoft Windows security auditing.
EventCode=4688
EventType=0
Type=Information
ComputerName=we8105desk.waynecorpinc.local
TaskCategory=Process Creation
OpCode=Info
RecordNumber=493594
Keywords=Audit Success
Message=A new process has been created.

Creator Subject:
	Security ID:		NT AUTHORITY\SYSTEM
	Account Name:		WE8105DESK$
	Account Domain:		WAYNECORPINC
	Logon ID:		0x3E7

Target Subject:
	Security ID:		NULL SID
	Account Name:		-
	Account Domain:		-
	Logon ID:		0x0

Process Information:
	New Process ID:		0x1374
	New Process Name:	C:\Windows\System32\cmd.exe
	Token Elevation Type:	%%1936
	Mandatory Label:		Mandatory Label\System Mandatory Level
	Creator Process ID:	0x71c
	Creator Process Name:	C:\Program Files\SplunkUniversalForwarder\bin\splunkd.exe
	Process Command Line:	C:\Windows\system32\cmd.exe /c """"C:\Program Files\SplunkUniversalForwarder\etc\system\bin\WinNetMon.cmd"" --scheme""

Token Elevation Type indicates the type of token that was assigned to the new process in accordance with User Account Control policy.

Type 1 is a full token with no privileges removed or groups disabled.  A full token is only used if User Account Control is disabled or if the user is the built-in Administrator account or a service account.

Type 2 is an elevated token with no privileges removed or groups disabled.  An elevated token is used when User Account Control is enabled and the user chooses to start the program using Run as administrator.  An elevated token is also used when an application is configured to always require administrative privilege or to always require maximum privilege, and the user is a member of the Administrators group.

Type 3 is a limited token with administrative privileges removed and administrative groups disabled.  The limited token is used when User Account Control is enabled, the application does not require administrative privilege, and the user does not choose to start the program using Run as administrator.","2016-08-11T03:24:35.000+0530",,we8105desk,botsv1,41,"//_::_\r=\r=___.\r=\r=\r=\r=..\r=_\r=\r=\r=_\r=_____.\r\r\r\r_:\r\r","WinEventLog:Security","WinEventLog:Security",JagadishJasti,,,
"WAYNECORPINC
-","WE8105DESK$
-","we8105desk.waynecorpinc.local",0x71c,"C:\Program Files\SplunkUniversalForwarder\bin\splunkd.exe",4688,0,"Audit Success",Security,"0x3E7
0x0","Mandatory Label\System Mandatory Level","A new process has been created.

Creator Subject:
	Security ID:		NT AUTHORITY\SYSTEM
	Account Name:		WE8105DESK$
	Account Domain:		WAYNECORPINC
	Logon ID:		0x3E7

Target Subject:
	Security ID:		NULL SID
	Account Name:		-
