	Account Domain:		-
	Logon ID:		0x0

Process Information:
	New Process ID:		0xc6c
	New Process Name:	C:\Windows\System32\cmd.exe
	Token Elevation Type:	%%1936
	Mandatory Label:		Mandatory Label\System Mandatory Level
	Creator Process ID:	0x71c
	Creator Process Name:	C:\Program Files\SplunkUniversalForwarder\bin\splunkd.exe
	Process Command Line:	C:\Windows\system32\cmd.exe /c ""C:\Program Files\SplunkUniversalForwarder\bin\splunk.exe"" _internal_extra_splunkd_service_args

Token Elevation Type indicates the type of token that was assigned to the new process in accordance with User Account Control policy.

Type 1 is a full token with no privileges removed or groups disabled.  A full token is only used if User Account Control is disabled or if the user is the built-in Administrator account or a service account.

Type 2 is an elevated token with no privileges removed or groups disabled.  An elevated token is used when User Account Control is enabled and the user chooses to start the program using Run as administrator.  An elevated token is also used when an application is configured to always require administrative privilege or to always require maximum privilege, and the user is a member of the Administrators group.

Type 3 is a limited token with administrative privileges removed and administrative groups disabled.  The limited token is used when User Account Control is enabled, the application does not require administrative privilege, and the user does not choose to start the program using Run as administrator.",0xc6c,"C:\Windows\System32\cmd.exe",Info,"C:\Windows\system32\cmd.exe /c ""C:\Program Files\SplunkUniversalForwarder\bin\splunk.exe"" _internal_extra_splunkd_service_args",492772,"NT AUTHORITY\SYSTEM
NULL SID","Microsoft Windows security auditing.","Process Creation","%%1936",Information,"08/10/2016 02:54:26 PM
LogName=Security
SourceName=Microsoft Windows security auditing.
EventCode=4688
EventType=0
Type=Information
ComputerName=we8105desk.waynecorpinc.local
TaskCategory=Process Creation
OpCode=Info
RecordNumber=492772
Keywords=Audit Success
Message=A new process has been created.

Creator Subject:
	Security ID:		NT AUTHORITY\SYSTEM
	Account Name:		WE8105DESK$
	Account Domain:		WAYNECORPINC
	Logon ID:		0x3E7

Target Subject:
	Security ID:		NULL SID
	Account Name:		-
	Account Domain:		-
	Logon ID:		0x0

Process Information:
	New Process ID:		0xc6c
	New Process Name:	C:\Windows\System32\cmd.exe
	Token Elevation Type:	%%1936
	Mandatory Label:		Mandatory Label\System Mandatory Level
	Creator Process ID:	0x71c
	Creator Process Name:	C:\Program Files\SplunkUniversalForwarder\bin\splunkd.exe
	Process Command Line:	C:\Windows\system32\cmd.exe /c ""C:\Program Files\SplunkUniversalForwarder\bin\splunk.exe"" _internal_extra_splunkd_service_args

Token Elevation Type indicates the type of token that was assigned to the new process in accordance with User Account Control policy.

Type 1 is a full token with no privileges removed or groups disabled.  A full token is only used if User Account Control is disabled or if the user is the built-in Administrator account or a service account.

Type 2 is an elevated token with no privileges removed or groups disabled.  An elevated token is used when User Account Control is enabled and the user chooses to start the program using Run as administrator.  An elevated token is also used when an application is configured to always require administrative privilege or to always require maximum privilege, and the user is a member of the Administrators group.

Type 3 is a limited token with administrative privileges removed and administrative groups disabled.  The limited token is used when User Account Control is enabled, the application does not require administrative privilege, and the user does not choose to start the program using Run as administrator.","2016-08-11T03:24:26.000+0530",,we8105desk,botsv1,41,"//_::_\r=\r=___.\r=\r=\r=\r=..\r=_\r=\r=\r=_\r=_____.\r\r\r\r_:\r\r","WinEventLog:Security","WinEventLog:Security",JagadishJasti,,,
"WAYNECORPINC
-","WE8105DESK$
-","we8105desk.waynecorpinc.local",0x71c,"C:\Program Files\SplunkUniversalForwarder\bin\splunkd.exe",4688,0,"Audit Success",Security,"0x3E7
0x0","Mandatory Label\System Mandatory Level","A new process has been created.

Creator Subject:
	Security ID:		NT AUTHORITY\SYSTEM
	Account Name:		WE8105DESK$
	Account Domain:		WAYNECORPINC
	Logon ID:		0x3E7

Target Subject:
	Security ID:		NULL SID
	Account Name:		-
	Account Domain:		-
	Logon ID:		0x0

Process Information:
	New Process ID:		0xb00
	New Process Name:	C:\Windows\System32\cmd.exe
	Token Elevation Type:	%%1936
	Mandatory Label:		Mandatory Label\System Mandatory Level
	Creator Process ID:	0x71c
	Creator Process Name:	C:\Program Files\SplunkUniversalForwarder\bin\splunkd.exe
	Process Command Line:	C:\Windows\system32\cmd.exe /c ""C:\Program Files\SplunkUniversalForwarder\bin\splunk.exe"" _RAW_envvars

Token Elevation Type indicates the type of token that was assigned to the new process in accordance with User Account Control policy.

Type 1 is a full token with no privileges removed or groups disabled.  A full token is only used if User Account Control is disabled or if the user is the built-in Administrator account or a service account.

Type 2 is an elevated token with no privileges removed or groups disabled.  An elevated token is used when User Account Control is enabled and the user chooses to start the program using Run as administrator.  An elevated token is also used when an application is configured to always require administrative privilege or to always require maximum privilege, and the user is a member of the Administrators group.

Type 3 is a limited token with administrative privileges removed and administrative groups disabled.  The limited token is used when User Account Control is enabled, the application does not require administrative privilege, and the user does not choose to start the program using Run as administrator.",0xb00,"C:\Windows\System32\cmd.exe",Info,"C:\Windows\system32\cmd.exe /c ""C:\Program Files\SplunkUniversalForwarder\bin\splunk.exe"" _RAW_envvars",492736,"NT AUTHORITY\SYSTEM
NULL SID","Microsoft Windows security auditing.","Process Creation","%%1936",Information,"08/10/2016 02:54:25 PM
LogName=Security
SourceName=Microsoft Windows security auditing.
EventCode=4688
EventType=0
Type=Information
ComputerName=we8105desk.waynecorpinc.local
TaskCategory=Process Creation
OpCode=Info
RecordNumber=492736
Keywords=Audit Success
Message=A new process has been created.

Creator Subject:
	Security ID:		NT AUTHORITY\SYSTEM
	Account Name:		WE8105DESK$
	Account Domain:		WAYNECORPINC
	Logon ID:		0x3E7

Target Subject:
	Security ID:		NULL SID
	Account Name:		-
	Account Domain:		-
	Logon ID:		0x0

Process Information:
	New Process ID:		0xb00
	New Process Name:	C:\Windows\System32\cmd.exe
	Token Elevation Type:	%%1936
	Mandatory Label:		Mandatory Label\System Mandatory Level
	Creator Process ID:	0x71c
	Creator Process Name:	C:\Program Files\SplunkUniversalForwarder\bin\splunkd.exe
	Process Command Line:	C:\Windows\system32\cmd.exe /c ""C:\Program Files\SplunkUniversalForwarder\bin\splunk.exe"" _RAW_envvars

Token Elevation Type indicates the type of token that was assigned to the new process in accordance with User Account Control policy.

Type 1 is a full token with no privileges removed or groups disabled.  A full token is only used if User Account Control is disabled or if the user is the built-in Administrator account or a service account.

Type 2 is an elevated token with no privileges removed or groups disabled.  An elevated token is used when User Account Control is enabled and the user chooses to start the program using Run as administrator.  An elevated token is also used when an application is configured to always require administrative privilege or to always require maximum privilege, and the user is a member of the Administrators group.

Type 3 is a limited token with administrative privileges removed and administrative groups disabled.  The limited token is used when User Account Control is enabled, the application does not require administrative privilege, and the user does not choose to start the program using Run as administrator.","2016-08-11T03:24:25.000+0530",,we8105desk,botsv1,41,"//_::_\r=\r=___.\r=\r=\r=\r=..\r=_\r=\r=\r=_\r=_____.\r\r\r\r_:\r\r","WinEventLog:Security","WinEventLog:Security",JagadishJasti,,,
