"IIS APPPOOL",joomla,"we1149srv.waynecorpinc.local",0x7b0,4688,0,"Audit Success",Security,0x88AFC,"A new process has been created.

Subject:
	Security ID:		IIS APPPOOL\joomla
	Account Name:		joomla
	Account Domain:		IIS APPPOOL
	Logon ID:		0x88AFC

Process Information:
	New Process ID:		0xf8c
	New Process Name:	C:\Program Files (x86)\PHP\v5.5\php-cgi.exe
	Token Elevation Type:	TokenElevationTypeDefault (1)
	Creator Process ID:	0x7b0
	Process Command Line:	""C:\Program Files (x86)\PHP\v5.5\php-cgi.exe""

Token Elevation Type indicates the type of token that was assigned to the new process in accordance with User Account Control policy.

Type 1 is a full token with no privileges removed or groups disabled.  A full token is only used if User Account Control is disabled or if the user is the built-in Administrator account or a service account.

Type 2 is an elevated token with no privileges removed or groups disabled.  An elevated token is used when User Account Control is enabled and the user chooses to start the program using Run as administrator.  An elevated token is also used when an application is configured to always require administrative privilege or to always require maximum privilege, and the user is a member of the Administrators group.

Type 3 is a limited token with administrative privileges removed and administrative groups disabled.  The limited token is used when User Account Control is enabled, the application does not require administrative privilege, and the user does not choose to start the program using Run as administrator.",0xf8c,"C:\Program Files (x86)\PHP\v5.5\php-cgi.exe",Info,"""C:\Program Files (x86)\PHP\v5.5\php-cgi.exe""",28114,"IIS APPPOOL\joomla","Microsoft Windows security auditing.","Process Creation","TokenElevationTypeDefault (1)",Information,"08/10/2016 02:40:48 PM
LogName=Security
SourceName=Microsoft Windows security auditing.
EventCode=4688
EventType=0
Type=Information
ComputerName=we1149srv.waynecorpinc.local
TaskCategory=Process Creation
OpCode=Info
RecordNumber=28114
Keywords=Audit Success
Message=A new process has been created.

Subject:
	Security ID:		IIS APPPOOL\joomla
	Account Name:		joomla
	Account Domain:		IIS APPPOOL
	Logon ID:		0x88AFC

Process Information:
	New Process ID:		0xf8c
	New Process Name:	C:\Program Files (x86)\PHP\v5.5\php-cgi.exe
	Token Elevation Type:	TokenElevationTypeDefault (1)
	Creator Process ID:	0x7b0
	Process Command Line:	""C:\Program Files (x86)\PHP\v5.5\php-cgi.exe""

Token Elevation Type indicates the type of token that was assigned to the new process in accordance with User Account Control policy.

Type 1 is a full token with no privileges removed or groups disabled.  A full token is only used if User Account Control is disabled or if the user is the built-in Administrator account or a service account.

Type 2 is an elevated token with no privileges removed or groups disabled.  An elevated token is used when User Account Control is enabled and the user chooses to start the program using Run as administrator.  An elevated token is also used when an application is configured to always require administrative privilege or to always require maximum privilege, and the user is a member of the Administrators group.

Type 3 is a limited token with administrative privileges removed and administrative groups disabled.  The limited token is used when User Account Control is enabled, the application does not require administrative privilege, and the user does not choose to start the program using Run as administrator.","2016-08-11T03:10:48.000+0530",,we1149srv,botsv1,33,"//_::_\r=\r=___.\r=\r=\r=\r=..\r=_\r=\r=\r=_\r=_____.\r\r\r\r:\r\rt","WinEventLog:Security","WinEventLog:Security",JagadishJasti,,,
"IIS APPPOOL",joomla,"we1149srv.waynecorpinc.local",0x7b0,4688,0,"Audit Success",Security,0x88AFC,"A new process has been created.

Subject:
	Security ID:		IIS APPPOOL\joomla
	Account Name:		joomla
	Account Domain:		IIS APPPOOL
	Logon ID:		0x88AFC

Process Information:
	New Process ID:		0xf24
	New Process Name:	C:\Program Files (x86)\PHP\v5.5\php-cgi.exe
	Token Elevation Type:	TokenElevationTypeDefault (1)
	Creator Process ID:	0x7b0
	Process Command Line:	""C:\Program Files (x86)\PHP\v5.5\php-cgi.exe""

Token Elevation Type indicates the type of token that was assigned to the new process in accordance with User Account Control policy.

Type 1 is a full token with no privileges removed or groups disabled.  A full token is only used if User Account Control is disabled or if the user is the built-in Administrator account or a service account.

Type 2 is an elevated token with no privileges removed or groups disabled.  An elevated token is used when User Account Control is enabled and the user chooses to start the program using Run as administrator.  An elevated token is also used when an application is configured to always require administrative privilege or to always require maximum privilege, and the user is a member of the Administrators group.

Type 3 is a limited token with administrative privileges removed and administrative groups disabled.  The limited token is used when User Account Control is enabled, the application does not require administrative privilege, and the user does not choose to start the program using Run as administrator.",0xf24,"C:\Program Files (x86)\PHP\v5.5\php-cgi.exe",Info,"""C:\Program Files (x86)\PHP\v5.5\php-cgi.exe""",28113,"IIS APPPOOL\joomla","Microsoft Windows security auditing.","Process Creation","TokenElevationTypeDefault (1)",Information,"08/10/2016 02:40:48 PM
LogName=Security
SourceName=Microsoft Windows security auditing.
EventCode=4688
EventType=0
Type=Information
ComputerName=we1149srv.waynecorpinc.local
TaskCategory=Process Creation
OpCode=Info
RecordNumber=28113
Keywords=Audit Success
Message=A new process has been created.

Subject:
	Security ID:		IIS APPPOOL\joomla
	Account Name:		joomla
	Account Domain:		IIS APPPOOL
	Logon ID:		0x88AFC

Process Information:
	New Process ID:		0xf24
	New Process Name:	C:\Program Files (x86)\PHP\v5.5\php-cgi.exe
	Token Elevation Type:	TokenElevationTypeDefault (1)
	Creator Process ID:	0x7b0
	Process Command Line:	""C:\Program Files (x86)\PHP\v5.5\php-cgi.exe""

Token Elevation Type indicates the type of token that was assigned to the new process in accordance with User Account Control policy.

Type 1 is a full token with no privileges removed or groups disabled.  A full token is only used if User Account Control is disabled or if the user is the built-in Administrator account or a service account.

Type 2 is an elevated token with no privileges removed or groups disabled.  An elevated token is used when User Account Control is enabled and the user chooses to start the program using Run as administrator.  An elevated token is also used when an application is configured to always require administrative privilege or to always require maximum privilege, and the user is a member of the Administrators group.

Type 3 is a limited token with administrative privileges removed and administrative groups disabled.  The limited token is used when User Account Control is enabled, the application does not require administrative privilege, and the user does not choose to start the program using Run as administrator.","2016-08-11T03:10:48.000+0530",,we1149srv,botsv1,33,"//_::_\r=\r=___.\r=\r=\r=\r=..\r=_\r=\r=\r=_\r=_____.\r\r\r\r:\r\rt","WinEventLog:Security","WinEventLog:Security",JagadishJasti,,,
"IIS APPPOOL",joomla,"we1149srv.waynecorpinc.local",0x7b0,4688,0,"Audit Success",Security,0x88AFC,"A new process has been created.

Subject:
	Security ID:		IIS APPPOOL\joomla
	Account Name:		joomla
	Account Domain:		IIS APPPOOL
	Logon ID:		0x88AFC

Process Information:
	New Process ID:		0x934
	New Process Name:	C:\Program Files (x86)\PHP\v5.5\php-cgi.exe
	Token Elevation Type:	TokenElevationTypeDefault (1)
	Creator Process ID:	0x7b0
	Process Command Line:	""C:\Program Files (x86)\PHP\v5.5\php-cgi.exe""

Token Elevation Type indicates the type of token that was assigned to the new process in accordance with User Account Control policy.

Type 1 is a full token with no privileges removed or groups disabled.  A full token is only used if User Account Control is disabled or if the user is the built-in Administrator account or a service account.

Type 2 is an elevated token with no privileges removed or groups disabled.  An elevated token is used when User Account Control is enabled and the user chooses to start the program using Run as administrator.  An elevated token is also used when an application is configured to always require administrative privilege or to always require maximum privilege, and the user is a member of the Administrators group.

Type 3 is a limited token with administrative privileges removed and administrative groups disabled.  The limited token is used when User Account Control is enabled, the application does not require administrative privilege, and the user does not choose to start the program using Run as administrator.",0x934,"C:\Program Files (x86)\PHP\v5.5\php-cgi.exe",Info,"""C:\Program Files (x86)\PHP\v5.5\php-cgi.exe""",28112,"IIS APPPOOL\joomla","Microsoft Windows security auditing.","Process Creation","TokenElevationTypeDefault (1)",Information,"08/10/2016 02:40:48 PM
LogName=Security
SourceName=Microsoft Windows security auditing.
EventCode=4688
EventType=0
Type=Information
ComputerName=we1149srv.waynecorpinc.local
TaskCategory=Process Creation
OpCode=Info
RecordNumber=28112
Keywords=Audit Success
Message=A new process has been created.

Subject:
	Security ID:		IIS APPPOOL\joomla
	Account Name:		joomla
	Account Domain:		IIS APPPOOL
	Logon ID:		0x88AFC

Process Information:
	New Process ID:		0x934
	New Process Name:	C:\Program Files (x86)\PHP\v5.5\php-cgi.exe
	Token Elevation Type:	TokenElevationTypeDefault (1)
	Creator Process ID:	0x7b0
	Process Command Line:	""C:\Program Files (x86)\PHP\v5.5\php-cgi.exe""

Token Elevation Type indicates the type of token that was assigned to the new process in accordance with User Account Control policy.

Type 1 is a full token with no privileges removed or groups disabled.  A full token is only used if User Account Control is disabled or if the user is the built-in Administrator account or a service account.

Type 2 is an elevated token with no privileges removed or groups disabled.  An elevated token is used when User Account Control is enabled and the user chooses to start the program using Run as administrator.  An elevated token is also used when an application is configured to always require administrative privilege or to always require maximum privilege, and the user is a member of the Administrators group.

Type 3 is a limited token with administrative privileges removed and administrative groups disabled.  The limited token is used when User Account Control is enabled, the application does not require administrative privilege, and the user does not choose to start the program using Run as administrator.","2016-08-11T03:10:48.000+0530",,we1149srv,botsv1,33,"//_::_\r=\r=___.\r=\r=\r=\r=..\r=_\r=\r=\r=_\r=_____.\r\r\r\r:\r\rt","WinEventLog:Security","WinEventLog:Security",JagadishJasti,,,
"IIS APPPOOL",joomla,"we1149srv.waynecorpinc.local",0x7b0,4688,0,"Audit Success",Security,0x88AFC,"A new process has been created.

Subject:
	Security ID:		IIS APPPOOL\joomla
	Account Name:		joomla
	Account Domain:		IIS APPPOOL
	Logon ID:		0x88AFC

Process Information:
	New Process ID:		0xef0
	New Process Name:	C:\Program Files (x86)\PHP\v5.5\php-cgi.exe
	Token Elevation Type:	TokenElevationTypeDefault (1)
	Creator Process ID:	0x7b0
	Process Command Line:	""C:\Program Files (x86)\PHP\v5.5\php-cgi.exe""

Token Elevation Type indicates the type of token that was assigned to the new process in accordance with User Account Control policy.

Type 1 is a full token with no privileges removed or groups disabled.  A full token is only used if User Account Control is disabled or if the user is the built-in Administrator account or a service account.

Type 2 is an elevated token with no privileges removed or groups disabled.  An elevated token is used when User Account Control is enabled and the user chooses to start the program using Run as administrator.  An elevated token is also used when an application is configured to always require administrative privilege or to always require maximum privilege, and the user is a member of the Administrators group.

Type 3 is a limited token with administrative privileges removed and administrative groups disabled.  The limited token is used when User Account Control is enabled, the application does not require administrative privilege, and the user does not choose to start the program using Run as administrator.",0xef0,"C:\Program Files (x86)\PHP\v5.5\php-cgi.exe",Info,"""C:\Program Files (x86)\PHP\v5.5\php-cgi.exe""",28111,"IIS APPPOOL\joomla","Microsoft Windows security auditing.","Process Creation","TokenElevationTypeDefault (1)",Information,"08/10/2016 02:40:48 PM
LogName=Security
SourceName=Microsoft Windows security auditing.
EventCode=4688
EventType=0
Type=Information
ComputerName=we1149srv.waynecorpinc.local
TaskCategory=Process Creation
OpCode=Info
RecordNumber=28111
Keywords=Audit Success
Message=A new process has been created.

Subject:
	Security ID:		IIS APPPOOL\joomla
	Account Name:		joomla
	Account Domain:		IIS APPPOOL
	Logon ID:		0x88AFC

Process Information:
	New Process ID:		0xef0
	New Process Name:	C:\Program Files (x86)\PHP\v5.5\php-cgi.exe
	Token Elevation Type:	TokenElevationTypeDefault (1)
	Creator Process ID:	0x7b0
	Process Command Line:	""C:\Program Files (x86)\PHP\v5.5\php-cgi.exe""

Token Elevation Type indicates the type of token that was assigned to the new process in accordance with User Account Control policy.

Type 1 is a full token with no privileges removed or groups disabled.  A full token is only used if User Account Control is disabled or if the user is the built-in Administrator account or a service account.

Type 2 is an elevated token with no privileges removed or groups disabled.  An elevated token is used when User Account Control is enabled and the user chooses to start the program using Run as administrator.  An elevated token is also used when an application is configured to always require administrative privilege or to always require maximum privilege, and the user is a member of the Administrators group.

Type 3 is a limited token with administrative privileges removed and administrative groups disabled.  The limited token is used when User Account Control is enabled, the application does not require administrative privilege, and the user does not choose to start the program using Run as administrator.","2016-08-11T03:10:48.000+0530",,we1149srv,botsv1,33,"//_::_\r=\r=___.\r=\r=\r=\r=..\r=_\r=\r=\r=_\r=_____.\r\r\r\r:\r\rt","WinEventLog:Security","WinEventLog:Security",JagadishJasti,,,
"IIS APPPOOL",joomla,"we1149srv.waynecorpinc.local",0x7b0,4688,0,"Audit Success",Security,0x88AFC,"A new process has been created.

Subject:
	Security ID:		IIS APPPOOL\joomla
	Account Name:		joomla
	Account Domain:		IIS APPPOOL
	Logon ID:		0x88AFC

Process Information:
	New Process ID:		0xac4
	New Process Name:	C:\Program Files (x86)\PHP\v5.5\php-cgi.exe
	Token Elevation Type:	TokenElevationTypeDefault (1)
	Creator Process ID:	0x7b0
	Process Command Line:	""C:\Program Files (x86)\PHP\v5.5\php-cgi.exe""

Token Elevation Type indicates the type of token that was assigned to the new process in accordance with User Account Control policy.

Type 1 is a full token with no privileges removed or groups disabled.  A full token is only used if User Account Control is disabled or if the user is the built-in Administrator account or a service account.

Type 2 is an elevated token with no privileges removed or groups disabled.  An elevated token is used when User Account Control is enabled and the user chooses to start the program using Run as administrator.  An elevated token is also used when an application is configured to always require administrative privilege or to always require maximum privilege, and the user is a member of the Administrators group.

Type 3 is a limited token with administrative privileges removed and administrative groups disabled.  The limited token is used when User Account Control is enabled, the application does not require administrative privilege, and the user does not choose to start the program using Run as administrator.",0xac4,"C:\Program Files (x86)\PHP\v5.5\php-cgi.exe",Info,"""C:\Program Files (x86)\PHP\v5.5\php-cgi.exe""",28110,"IIS APPPOOL\joomla","Microsoft Windows security auditing.","Process Creation","TokenElevationTypeDefault (1)",Information,"08/10/2016 02:40:48 PM
LogName=Security
SourceName=Microsoft Windows security auditing.
EventCode=4688
EventType=0
Type=Information
ComputerName=we1149srv.waynecorpinc.local
TaskCategory=Process Creation
OpCode=Info
RecordNumber=28110
Keywords=Audit Success
Message=A new process has been created.

Subject:
	Security ID:		IIS APPPOOL\joomla
	Account Name:		joomla
	Account Domain:		IIS APPPOOL
	Logon ID:		0x88AFC

Process Information:
	New Process ID:		0xac4
	New Process Name:	C:\Program Files (x86)\PHP\v5.5\php-cgi.exe
	Token Elevation Type:	TokenElevationTypeDefault (1)
	Creator Process ID:	0x7b0
	Process Command Line:	""C:\Program Files (x86)\PHP\v5.5\php-cgi.exe""

Token Elevation Type indicates the type of token that was assigned to the new process in accordance with User Account Control policy.

Type 1 is a full token with no privileges removed or groups disabled.  A full token is only used if User Account Control is disabled or if the user is the built-in Administrator account or a service account.

Type 2 is an elevated token with no privileges removed or groups disabled.  An elevated token is used when User Account Control is enabled and the user chooses to start the program using Run as administrator.  An elevated token is also used when an application is configured to always require administrative privilege or to always require maximum privilege, and the user is a member of the Administrators group.

Type 3 is a limited token with administrative privileges removed and administrative groups disabled.  The limited token is used when User Account Control is enabled, the application does not require administrative privilege, and the user does not choose to start the program using Run as administrator.","2016-08-11T03:10:48.000+0530",,we1149srv,botsv1,33,"//_::_\r=\r=___.\r=\r=\r=\r=..\r=_\r=\r=\r=_\r=_____.\r\r\r\r:\r\rt","WinEventLog:Security","WinEventLog:Security",JagadishJasti,,,
"IIS APPPOOL",joomla,"we1149srv.waynecorpinc.local",0x7b0,4688,0,"Audit Success",Security,0x88AFC,"A new process has been created.

Subject:
	Security ID:		IIS APPPOOL\joomla
	Account Name:		joomla
	Account Domain:		IIS APPPOOL
	Logon ID:		0x88AFC

Process Information:
	New Process ID:		0x8f8
	New Process Name:	C:\Program Files (x86)\PHP\v5.5\php-cgi.exe
	Token Elevation Type:	TokenElevationTypeDefault (1)
	Creator Process ID:	0x7b0
	Process Command Line:	""C:\Program Files (x86)\PHP\v5.5\php-cgi.exe""

Token Elevation Type indicates the type of token that was assigned to the new process in accordance with User Account Control policy.

Type 1 is a full token with no privileges removed or groups disabled.  A full token is only used if User Account Control is disabled or if the user is the built-in Administrator account or a service account.

Type 2 is an elevated token with no privileges removed or groups disabled.  An elevated token is used when User Account Control is enabled and the user chooses to start the program using Run as administrator.  An elevated token is also used when an application is configured to always require administrative privilege or to always require maximum privilege, and the user is a member of the Administrators group.

Type 3 is a limited token with administrative privileges removed and administrative groups disabled.  The limited token is used when User Account Control is enabled, the application does not require administrative privilege, and the user does not choose to start the program using Run as administrator.",0x8f8,"C:\Program Files (x86)\PHP\v5.5\php-cgi.exe",Info,"""C:\Program Files (x86)\PHP\v5.5\php-cgi.exe""",28109,"IIS APPPOOL\joomla","Microsoft Windows security auditing.","Process Creation","TokenElevationTypeDefault (1)",Information,"08/10/2016 02:40:48 PM
LogName=Security
SourceName=Microsoft Windows security auditing.
EventCode=4688
EventType=0
Type=Information
ComputerName=we1149srv.waynecorpinc.local
TaskCategory=Process Creation
OpCode=Info
RecordNumber=28109
Keywords=Audit Success
Message=A new process has been created.

Subject:
	Security ID:		IIS APPPOOL\joomla
	Account Name:		joomla
	Account Domain:		IIS APPPOOL
	Logon ID:		0x88AFC

Process Information:
	New Process ID:		0x8f8
	New Process Name:	C:\Program Files (x86)\PHP\v5.5\php-cgi.exe
	Token Elevation Type:	TokenElevationTypeDefault (1)
	Creator Process ID:	0x7b0
	Process Command Line:	""C:\Program Files (x86)\PHP\v5.5\php-cgi.exe""

Token Elevation Type indicates the type of token that was assigned to the new process in accordance with User Account Control policy.

Type 1 is a full token with no privileges removed or groups disabled.  A full token is only used if User Account Control is disabled or if the user is the built-in Administrator account or a service account.

Type 2 is an elevated token with no privileges removed or groups disabled.  An elevated token is used when User Account Control is enabled and the user chooses to start the program using Run as administrator.  An elevated token is also used when an application is configured to always require administrative privilege or to always require maximum privilege, and the user is a member of the Administrators group.

Type 3 is a limited token with administrative privileges removed and administrative groups disabled.  The limited token is used when User Account Control is enabled, the application does not require administrative privilege, and the user does not choose to start the program using Run as administrator.","2016-08-11T03:10:48.000+0530",,we1149srv,botsv1,33,"//_::_\r=\r=___.\r=\r=\r=\r=..\r=_\r=\r=\r=_\r=_____.\r\r\r\r:\r\rt","WinEventLog:Security","WinEventLog:Security",JagadishJasti,,,
"IIS APPPOOL",joomla,"we1149srv.waynecorpinc.local",0x7b0,4688,0,"Audit Success",Security,0x88AFC,"A new process has been created.

Subject:
	Security ID:		IIS APPPOOL\joomla
	Account Name:		joomla
	Account Domain:		IIS APPPOOL
	Logon ID:		0x88AFC

Process Information:
	New Process ID:		0x6b4
	New Process Name:	C:\Program Files (x86)\PHP\v5.5\php-cgi.exe
	Token Elevation Type:	TokenElevationTypeDefault (1)
	Creator Process ID:	0x7b0
	Process Command Line:	""C:\Program Files (x86)\PHP\v5.5\php-cgi.exe""

Token Elevation Type indicates the type of token that was assigned to the new process in accordance with User Account Control policy.

Type 1 is a full token with no privileges removed or groups disabled.  A full token is only used if User Account Control is disabled or if the user is the built-in Administrator account or a service account.

Type 2 is an elevated token with no privileges removed or groups disabled.  An elevated token is used when User Account Control is enabled and the user chooses to start the program using Run as administrator.  An elevated token is also used when an application is configured to always require administrative privilege or to always require maximum privilege, and the user is a member of the Administrators group.

Type 3 is a limited token with administrative privileges removed and administrative groups disabled.  The limited token is used when User Account Control is enabled, the application does not require administrative privilege, and the user does not choose to start the program using Run as administrator.",0x6b4,"C:\Program Files (x86)\PHP\v5.5\php-cgi.exe",Info,"""C:\Program Files (x86)\PHP\v5.5\php-cgi.exe""",28108,"IIS APPPOOL\joomla","Microsoft Windows security auditing.","Process Creation","TokenElevationTypeDefault (1)",Information,"08/10/2016 02:40:46 PM
LogName=Security
SourceName=Microsoft Windows security auditing.
EventCode=4688
EventType=0
Type=Information
ComputerName=we1149srv.waynecorpinc.local
TaskCategory=Process Creation
OpCode=Info
RecordNumber=28108
Keywords=Audit Success
Message=A new process has been created.

Subject:
	Security ID:		IIS APPPOOL\joomla
	Account Name:		joomla
	Account Domain:		IIS APPPOOL
	Logon ID:		0x88AFC

Process Information:
	New Process ID:		0x6b4
	New Process Name:	C:\Program Files (x86)\PHP\v5.5\php-cgi.exe
	Token Elevation Type:	TokenElevationTypeDefault (1)
	Creator Process ID:	0x7b0
	Process Command Line:	""C:\Program Files (x86)\PHP\v5.5\php-cgi.exe""

Token Elevation Type indicates the type of token that was assigned to the new process in accordance with User Account Control policy.

Type 1 is a full token with no privileges removed or groups disabled.  A full token is only used if User Account Control is disabled or if the user is the built-in Administrator account or a service account.

Type 2 is an elevated token with no privileges removed or groups disabled.  An elevated token is used when User Account Control is enabled and the user chooses to start the program using Run as administrator.  An elevated token is also used when an application is configured to always require administrative privilege or to always require maximum privilege, and the user is a member of the Administrators group.

Type 3 is a limited token with administrative privileges removed and administrative groups disabled.  The limited token is used when User Account Control is enabled, the application does not require administrative privilege, and the user does not choose to start the program using Run as administrator.","2016-08-11T03:10:46.000+0530",,we1149srv,botsv1,33,"//_::_\r=\r=___.\r=\r=\r=\r=..\r=_\r=\r=\r=_\r=_____.\r\r\r\r:\r\rt","WinEventLog:Security","WinEventLog:Security",JagadishJasti,,,
